  pch.cpp
  AirHockey.cpp
  EnemyStrikerMovement.cpp
  EnemyStrikerRenderer.cpp
  GameObject.cpp
  GoalLogicComponent.cpp
  Main.cpp
  PlayerStrikerMovement.cpp
  PlayerStrikerRenderer.cpp
  PlayGameState.cpp
c:\program files (x86)\microsoft visual studio\2017\community\vc\tools\msvc\14.16.27023\include\xmemory0(881): error C2280: 'std::pair<const _Kty,_Ty>::pair(const std::pair<const _Kty,_Ty> &)': attempting to reference a deleted function
          with
          [
              _Kty=Component::ComponentId,
              _Ty=GameObject::ComponentPointer
          ]
  c:\program files (x86)\microsoft visual studio\2017\community\vc\tools\msvc\14.16.27023\include\utility(194): note: see declaration of 'std::pair<const _Kty,_Ty>::pair'
          with
          [
              _Kty=Component::ComponentId,
              _Ty=GameObject::ComponentPointer
          ]
  c:\program files (x86)\microsoft visual studio\2017\community\vc\tools\msvc\14.16.27023\include\utility(194): note: 'std::pair<const _Kty,_Ty>::pair(const std::pair<const _Kty,_Ty> &)': function was implicitly deleted because a data member invokes a deleted or inaccessible function 'std::unique_ptr<Component,std::default_delete<_Ty>>::unique_ptr(const std::unique_ptr<_Ty,std::default_delete<_Ty>> &)'
          with
          [
              _Kty=Component::ComponentId,
              _Ty=GameObject::ComponentPointer
          ]
          and
          [
              _Ty=Component
          ]
  c:\program files (x86)\microsoft visual studio\2017\community\vc\tools\msvc\14.16.27023\include\memory(2337): note: 'std::unique_ptr<Component,std::default_delete<_Ty>>::unique_ptr(const std::unique_ptr<_Ty,std::default_delete<_Ty>> &)': function was explicitly deleted
          with
          [
              _Ty=Component
          ]
  c:\program files (x86)\microsoft visual studio\2017\community\vc\tools\msvc\14.16.27023\include\xtree(976): note: see reference to function template instantiation 'void std::_Default_allocator_traits<_Alloc>::construct<_Ty,_Ty&>(_Alloc &,_Objty *const ,_Ty &)' being compiled
          with
          [
              _Alloc=std::allocator<std::_Tree_node<std::pair<const Component::ComponentId,GameObject::ComponentPointer>,std::_Default_allocator_traits<std::allocator<std::pair<const Component::ComponentId,GameObject::ComponentPointer>>>::void_pointer>>,
              _Ty=std::pair<const Component::ComponentId,GameObject::ComponentPointer>,
              _Objty=std::pair<const Component::ComponentId,GameObject::ComponentPointer>
          ]
  c:\program files (x86)\microsoft visual studio\2017\community\vc\tools\msvc\14.16.27023\include\xtree(983): note: see reference to function template instantiation 'void std::_Default_allocator_traits<_Alloc>::construct<_Ty,_Ty&>(_Alloc &,_Objty *const ,_Ty &)' being compiled
          with
          [
              _Alloc=std::allocator<std::_Tree_node<std::pair<const Component::ComponentId,GameObject::ComponentPointer>,std::_Default_allocator_traits<std::allocator<std::pair<const Component::ComponentId,GameObject::ComponentPointer>>>::void_pointer>>,
              _Ty=std::pair<const Component::ComponentId,GameObject::ComponentPointer>,
              _Objty=std::pair<const Component::ComponentId,GameObject::ComponentPointer>
          ]
  c:\program files (x86)\microsoft visual studio\2017\community\vc\tools\msvc\14.16.27023\include\xtree(1917): note: see reference to function template instantiation 'std::_Tree_node<_Ty,std::_Default_allocator_traits<_Alloc>::void_pointer> *std::_Tree_comp_alloc<_Traits>::_Buynode<_Ty&>(_Ty &)' being compiled
          with
          [
              _Ty=std::pair<const Component::ComponentId,GameObject::ComponentPointer>,
              _Alloc=std::allocator<std::pair<const Component::ComponentId,GameObject::ComponentPointer>>,
              _Traits=std::_Tmap_traits<Component::ComponentId,GameObject::ComponentPointer,std::less<Component::ComponentId>,std::allocator<std::pair<const Component::ComponentId,GameObject::ComponentPointer>>,false>
          ]
  c:\program files (x86)\microsoft visual studio\2017\community\vc\tools\msvc\14.16.27023\include\xtree(1917): note: see reference to function template instantiation 'std::_Tree_node<_Ty,std::_Default_allocator_traits<_Alloc>::void_pointer> *std::_Tree_comp_alloc<_Traits>::_Buynode<_Ty&>(_Ty &)' being compiled
          with
          [
              _Ty=std::pair<const Component::ComponentId,GameObject::ComponentPointer>,
              _Alloc=std::allocator<std::pair<const Component::ComponentId,GameObject::ComponentPointer>>,
              _Traits=std::_Tmap_traits<Component::ComponentId,GameObject::ComponentPointer,std::less<Component::ComponentId>,std::allocator<std::pair<const Component::ComponentId,GameObject::ComponentPointer>>,false>
          ]
  c:\program files (x86)\microsoft visual studio\2017\community\vc\tools\msvc\14.16.27023\include\xtree(1943): note: see reference to function template instantiation 'std::_Tree_node<_Ty,std::_Default_allocator_traits<_Alloc>::void_pointer> *std::_Tree<std::_Tmap_traits<_Kty,std::unique_ptr<Component,std::default_delete<Component>>,_Pr,_Alloc,false>>::_Copy_or_move<_Value_type,std::integral_constant<bool,false>>(_Ty &,std::_Tree<std::_Tmap_traits<_Kty,std::unique_ptr<Component,std::default_delete<Component>>,_Pr,_Alloc,false>>::_Copy_tag,_Is_set)' being compiled
          with
          [
              _Ty=std::pair<const Component::ComponentId,GameObject::ComponentPointer>,
              _Alloc=std::allocator<std::pair<const Component::ComponentId,GameObject::ComponentPointer>>,
              _Kty=Component::ComponentId,
              _Pr=std::less<Component::ComponentId>,
              _Value_type=std::pair<const Component::ComponentId,GameObject::ComponentPointer>,
              _Is_set=std::integral_constant<bool,false>
          ]
  c:\program files (x86)\microsoft visual studio\2017\community\vc\tools\msvc\14.16.27023\include\xtree(1943): note: see reference to function template instantiation 'std::_Tree_node<_Ty,std::_Default_allocator_traits<_Alloc>::void_pointer> *std::_Tree<std::_Tmap_traits<_Kty,std::unique_ptr<Component,std::default_delete<Component>>,_Pr,_Alloc,false>>::_Copy_or_move<_Value_type,std::integral_constant<bool,false>>(_Ty &,std::_Tree<std::_Tmap_traits<_Kty,std::unique_ptr<Component,std::default_delete<Component>>,_Pr,_Alloc,false>>::_Copy_tag,_Is_set)' being compiled
          with
          [
              _Ty=std::pair<const Component::ComponentId,GameObject::ComponentPointer>,
              _Alloc=std::allocator<std::pair<const Component::ComponentId,GameObject::ComponentPointer>>,
              _Kty=Component::ComponentId,
              _Pr=std::less<Component::ComponentId>,
              _Value_type=std::pair<const Component::ComponentId,GameObject::ComponentPointer>,
              _Is_set=std::integral_constant<bool,false>
          ]
  c:\program files (x86)\microsoft visual studio\2017\community\vc\tools\msvc\14.16.27023\include\xtree(1899): note: see reference to function template instantiation 'std::_Tree_node<_Ty,std::_Default_allocator_traits<_Alloc>::void_pointer> *std::_Tree<std::_Tmap_traits<_Kty,std::unique_ptr<Component,std::default_delete<Component>>,_Pr,_Alloc,false>>::_Copy_nodes<_Moveit>(std::_Tree_node<_Ty,std::_Default_allocator_traits<_Alloc>::void_pointer> *,std::_Tree_node<_Ty,std::_Default_allocator_traits<_Alloc>::void_pointer> *,_Moveit)' being compiled
          with
          [
              _Ty=std::pair<const Component::ComponentId,GameObject::ComponentPointer>,
              _Alloc=std::allocator<std::pair<const Component::ComponentId,GameObject::ComponentPointer>>,
              _Kty=Component::ComponentId,
              _Pr=std::less<Component::ComponentId>,
              _Moveit=std::_Tree<std::_Tmap_traits<Component::ComponentId,GameObject::ComponentPointer,std::less<Component::ComponentId>,std::allocator<std::pair<const Component::ComponentId,GameObject::ComponentPointer>>,false>>::_Copy_tag
          ]
  c:\program files (x86)\microsoft visual studio\2017\community\vc\tools\msvc\14.16.27023\include\xtree(1899): note: see reference to function template instantiation 'std::_Tree_node<_Ty,std::_Default_allocator_traits<_Alloc>::void_pointer> *std::_Tree<std::_Tmap_traits<_Kty,std::unique_ptr<Component,std::default_delete<Component>>,_Pr,_Alloc,false>>::_Copy_nodes<_Moveit>(std::_Tree_node<_Ty,std::_Default_allocator_traits<_Alloc>::void_pointer> *,std::_Tree_node<_Ty,std::_Default_allocator_traits<_Alloc>::void_pointer> *,_Moveit)' being compiled
          with
          [
              _Ty=std::pair<const Component::ComponentId,GameObject::ComponentPointer>,
              _Alloc=std::allocator<std::pair<const Component::ComponentId,GameObject::ComponentPointer>>,
              _Kty=Component::ComponentId,
              _Pr=std::less<Component::ComponentId>,
              _Moveit=std::_Tree<std::_Tmap_traits<Component::ComponentId,GameObject::ComponentPointer,std::less<Component::ComponentId>,std::allocator<std::pair<const Component::ComponentId,GameObject::ComponentPointer>>,false>>::_Copy_tag
          ]
  c:\program files (x86)\microsoft visual studio\2017\community\vc\tools\msvc\14.16.27023\include\xtree(1099): note: see reference to function template instantiation 'void std::_Tree<std::_Tmap_traits<_Kty,_Ty,_Pr,_Alloc,false>>::_Copy<std::_Tree<std::_Tmap_traits<_Kty,_Ty,_Pr,_Alloc,false>>::_Copy_tag>(const std::_Tree<std::_Tmap_traits<_Kty,_Ty,_Pr,_Alloc,false>> &,_Moveit)' being compiled
          with
          [
              _Kty=Component::ComponentId,
              _Ty=GameObject::ComponentPointer,
              _Pr=std::less<Component::ComponentId>,
              _Alloc=std::allocator<std::pair<const Component::ComponentId,GameObject::ComponentPointer>>,
              _Moveit=std::_Tree<std::_Tmap_traits<Component::ComponentId,GameObject::ComponentPointer,std::less<Component::ComponentId>,std::allocator<std::pair<const Component::ComponentId,GameObject::ComponentPointer>>,false>>::_Copy_tag
          ]
  c:\program files (x86)\microsoft visual studio\2017\community\vc\tools\msvc\14.16.27023\include\xtree(1099): note: see reference to function template instantiation 'void std::_Tree<std::_Tmap_traits<_Kty,_Ty,_Pr,_Alloc,false>>::_Copy<std::_Tree<std::_Tmap_traits<_Kty,_Ty,_Pr,_Alloc,false>>::_Copy_tag>(const std::_Tree<std::_Tmap_traits<_Kty,_Ty,_Pr,_Alloc,false>> &,_Moveit)' being compiled
          with
          [
              _Kty=Component::ComponentId,
              _Ty=GameObject::ComponentPointer,
              _Pr=std::less<Component::ComponentId>,
              _Alloc=std::allocator<std::pair<const Component::ComponentId,GameObject::ComponentPointer>>,
              _Moveit=std::_Tree<std::_Tmap_traits<Component::ComponentId,GameObject::ComponentPointer,std::less<Component::ComponentId>,std::allocator<std::pair<const Component::ComponentId,GameObject::ComponentPointer>>,false>>::_Copy_tag
          ]
  c:\program files (x86)\microsoft visual studio\2017\community\vc\tools\msvc\14.16.27023\include\map(125): note: see reference to function template instantiation 'std::_Tree<std::_Tmap_traits<_Kty,_Ty,_Pr,_Alloc,false>>::_Tree<std::allocator<std::_Tree_node<std::pair<const _Kty,_Ty>,std::_Default_allocator_traits<_Alloc>::void_pointer>>>(const std::_Tree<std::_Tmap_traits<_Kty,_Ty,_Pr,_Alloc,false>> &,_Any_alloc &&)' being compiled
          with
          [
              _Kty=Component::ComponentId,
              _Ty=GameObject::ComponentPointer,
              _Pr=std::less<Component::ComponentId>,
              _Alloc=std::allocator<std::pair<const Component::ComponentId,GameObject::ComponentPointer>>,
              _Any_alloc=std::allocator<std::_Tree_node<std::pair<const Component::ComponentId,GameObject::ComponentPointer>,std::_Default_allocator_traits<std::allocator<std::pair<const Component::ComponentId,GameObject::ComponentPointer>>>::void_pointer>>
          ]
  c:\program files (x86)\microsoft visual studio\2017\community\vc\tools\msvc\14.16.27023\include\map(124): note: see reference to function template instantiation 'std::_Tree<std::_Tmap_traits<_Kty,_Ty,_Pr,_Alloc,false>>::_Tree<std::allocator<std::_Tree_node<std::pair<const _Kty,_Ty>,std::_Default_allocator_traits<_Alloc>::void_pointer>>>(const std::_Tree<std::_Tmap_traits<_Kty,_Ty,_Pr,_Alloc,false>> &,_Any_alloc &&)' being compiled
          with
          [
              _Kty=Component::ComponentId,
              _Ty=GameObject::ComponentPointer,
              _Pr=std::less<Component::ComponentId>,
              _Alloc=std::allocator<std::pair<const Component::ComponentId,GameObject::ComponentPointer>>,
              _Any_alloc=std::allocator<std::_Tree_node<std::pair<const Component::ComponentId,GameObject::ComponentPointer>,std::_Default_allocator_traits<std::allocator<std::pair<const Component::ComponentId,GameObject::ComponentPointer>>>::void_pointer>>
          ]
  c:\program files (x86)\microsoft visual studio\2017\community\vc\tools\msvc\14.16.27023\include\map(123): note: while compiling class template member function 'std::map<Component::ComponentId,GameObject::ComponentPointer,std::less<_Kty>,std::allocator<std::pair<const _Kty,_Ty>>>::map(const std::map<_Kty,_Ty,std::less<_Kty>,std::allocator<std::pair<const _Kty,_Ty>>> &)'
          with
          [
              _Kty=Component::ComponentId,
              _Ty=GameObject::ComponentPointer
          ]
  d:\git\airhockey\playgamestate.cpp(98): note: see reference to function template instantiation 'std::map<Component::ComponentId,GameObject::ComponentPointer,std::less<_Kty>,std::allocator<std::pair<const _Kty,_Ty>>>::map(const std::map<_Kty,_Ty,std::less<_Kty>,std::allocator<std::pair<const _Kty,_Ty>>> &)' being compiled
          with
          [
              _Kty=Component::ComponentId,
              _Ty=GameObject::ComponentPointer
          ]
  d:\git\airhockey\gameobject.h(43): note: see reference to class template instantiation 'std::map<Component::ComponentId,GameObject::ComponentPointer,std::less<_Kty>,std::allocator<std::pair<const _Kty,_Ty>>>' being compiled
          with
          [
              _Kty=Component::ComponentId,
              _Ty=GameObject::ComponentPointer
          ]
  PositionComponent.cpp
  PuckMovement.cpp
  PuckRenderer.cpp
  ResourceManager.cpp
  ScoreComponent.cpp
  SizeComponent.cpp
  Vector.cpp
  VelocityComponent.cpp
  Generating Code...
