  pch.cpp
  AirHockey.cpp
  BoxComponent.cpp
  EndMenuState.cpp
  EnemyStrikerMovement.cpp
  EnemyStrikerRenderer.cpp
  EventCenter.cpp
  GameObject.cpp
  GoalLogic.cpp
  GoalPhysics.cpp
  GoalRenderer.cpp
  Helpers.cpp
  Main.cpp
  PlayerStrikerMovement.cpp
  PlayerStrikerRenderer.cpp
  PlayGameState.cpp
  PositionComponent.cpp
  PuckMovement.cpp
  PuckPhysics.cpp
  PuckRenderer.cpp
  ResourceManager.cpp
  Generating Code...
  Compiling...
  ScoreComponent.cpp
  ScoreUIData.cpp
  ScoreUILogic.cpp
  ScoreUIRenderer.cpp
  RadiusComponent.cpp
  StartMenuState.cpp
  StrikerPhysics.cpp
  TimerUILogic.cpp
  TimerUIRenderer.cpp
  TimeUIData.cpp
  Math.cpp
  VelocityComponent.cpp
  Generating Code...
  AirHockey.vcxproj -> D:\GitHub\Other\AirHockey\x64\Debug\AirHockey.exe
