Log file open, 10/11/24 15:55:45
LogWindows: Failed to load 'aqProf.dll' (GetLastError=126)
LogWindows: File 'aqProf.dll' does not exist
LogWindows: Failed to load 'VtuneApi.dll' (GetLastError=126)
LogWindows: File 'VtuneApi.dll' does not exist
LogWindows: Failed to load 'VtuneApi32e.dll' (GetLastError=126)
LogWindows: File 'VtuneApi32e.dll' does not exist
LogConsoleResponse: Display: Failed to find resolution value strings in scalability ini. Falling back to default.
LogConsoleResponse: Display: Failed to find resolution value strings in scalability ini. Falling back to default.
LogInit: Display: Running engine for game: Rolling
LogPlatformFile: Not using cached read wrapper
LogTaskGraph: Started task graph with 5 named threads and 47 total threads with 3 sets of task threads.
LogStats: Stats thread started at 0.163785
LogICUInternationalization: ICU TimeZone Detection - Raw Offset: +2:00, Platform Override: ''
LogInit: Display: Loading text-based GConfig....
LogPluginManager: Mounting plugin MeshPainting
LogPluginManager: Mounting plugin XGEController
LogPluginManager: Mounting plugin Paper2D
LogPluginManager: Mounting plugin LiveLink
LogPluginManager: Mounting plugin AISupport
LogPluginManager: Mounting plugin EnvironmentQueryEditor
LogPluginManager: Mounting plugin CameraShakePreviewer
LogPluginManager: Mounting plugin OodleData
LogPluginManager: Mounting plugin LightPropagationVolume
LogPluginManager: Mounting plugin AssetManagerEditor
LogPluginManager: Mounting plugin OodleNetwork
LogPluginManager: Mounting plugin GameplayCameras
LogPluginManager: Mounting plugin CryptoKeys
LogPluginManager: Mounting plugin DataValidation
LogPluginManager: Mounting plugin CurveEditorTools
LogPluginManager: Mounting plugin GameplayTagsEditor
LogPluginManager: Mounting plugin GeometryMode
LogPluginManager: Mounting plugin MacGraphicsSwitching
LogPluginManager: Mounting plugin MaterialAnalyzer
LogPluginManager: Mounting plugin FacialAnimation
LogPluginManager: Mounting plugin PluginBrowser
LogPluginManager: Mounting plugin SpeedTreeImporter
LogPluginManager: Mounting plugin MobileLauncherProfileWizard
LogPluginManager: Mounting plugin DatasmithContent
LogPluginManager: Mounting plugin VariantManagerContent
LogPluginManager: Mounting plugin LuminPlatformFeatures
LogPluginManager: Mounting plugin Niagara
LogPluginManager: Mounting plugin MagicLeap
LogPluginManager: Mounting plugin MagicLeapLightEstimation
LogPluginManager: Mounting plugin MagicLeapMedia
LogPluginManager: Mounting plugin MagicLeapPassableWorld
LogPluginManager: Mounting plugin MLSDK
LogPluginManager: Mounting plugin AutomationUtils
LogPluginManager: Mounting plugin AlembicImporter
LogPluginManager: Mounting plugin BackChannel
LogPluginManager: Mounting plugin AndroidMedia
LogPluginManager: Mounting plugin AvfMedia
LogPluginManager: Mounting plugin ChaosCloth
LogPluginManager: Mounting plugin ChaosClothEditor
LogPluginManager: Mounting plugin ChaosEditor
LogPluginManager: Mounting plugin ChaosNiagara
LogPluginManager: Mounting plugin ChaosSolverPlugin
LogPluginManager: Mounting plugin CharacterAI
LogPluginManager: Mounting plugin ImgMedia
LogPluginManager: Mounting plugin MediaCompositing
LogPluginManager: Mounting plugin MediaPlayerEditor
LogPluginManager: Mounting plugin GeometryCache
LogPluginManager: Mounting plugin GeometryCollectionPlugin
LogPluginManager: Mounting plugin UdpMessaging
LogPluginManager: Mounting plugin TcpMessaging
LogPluginManager: Mounting plugin GeometryProcessing
LogPluginManager: Mounting plugin MotoSynth
LogPluginManager: Mounting plugin OpenImageDenoise
LogPluginManager: Mounting plugin PlanarCut
LogPluginManager: Mounting plugin ProxyLODPlugin
LogPluginManager: Mounting plugin PlatformCrypto
LogPluginManager: Mounting plugin PythonScriptPlugin
LogPluginManager: Mounting plugin SkeletalReduction
LogPluginManager: Mounting plugin ActorSequence
LogPluginManager: Mounting plugin LevelSequenceEditor
LogPluginManager: Mounting plugin MatineeToLevelSequence
LogPluginManager: Mounting plugin WmfMedia
LogPluginManager: Mounting plugin WebMMedia
LogPluginManager: Mounting plugin TemplateSequence
LogPluginManager: Mounting plugin OnlineSubsystem
LogPluginManager: Mounting plugin OnlineSubsystemNull
LogPluginManager: Mounting plugin OnlineSubsystemUtils
LogPluginManager: Mounting plugin ActorLayerUtilities
LogPluginManager: Mounting plugin AndroidPermission
LogPluginManager: Mounting plugin AndroidDeviceProfileSelector
LogPluginManager: Mounting plugin LauncherChunkInstaller
LogPluginManager: Mounting plugin AndroidMoviePlayer
LogPluginManager: Mounting plugin AppleImageUtils
LogPluginManager: Mounting plugin AppleMoviePlayer
LogPluginManager: Mounting plugin ArchVisCharacter
LogPluginManager: Mounting plugin AssetTags
LogPluginManager: Mounting plugin AudioSynesthesia
LogPluginManager: Mounting plugin CableComponent
LogPluginManager: Mounting plugin CustomMeshComponent
LogPluginManager: Mounting plugin ChunkDownloader
LogPluginManager: Mounting plugin AudioCapture
LogPluginManager: Mounting plugin EditableMesh
LogPluginManager: Mounting plugin ExampleDeviceProfileSelector
LogPluginManager: Mounting plugin GoogleCloudMessaging
LogPluginManager: Mounting plugin GooglePAD
LogPluginManager: Mounting plugin ScreenshotTools
LogPluginManager: Mounting plugin IOSDeviceProfileSelector
LogPluginManager: Mounting plugin LinuxDeviceProfileSelector
LogPluginManager: Mounting plugin LocationServicesBPLibrary
LogPluginManager: Mounting plugin Takes
LogPluginManager: Mounting plugin MobilePatchingUtils
LogPluginManager: Mounting plugin OpenXRHandTracking
LogPluginManager: Mounting plugin OpenXREyeTracker
LogPluginManager: Mounting plugin OpenXR
LogPluginManager: Mounting plugin PhysXVehicles
LogPluginManager: Mounting plugin PostSplashScreen
LogPluginManager: Mounting plugin ProceduralMeshComponent
LogPluginManager: Mounting plugin RuntimePhysXCooking
LogPluginManager: Mounting plugin SignificanceManager
LogPluginManager: Mounting plugin PropertyAccessEditor
LogPluginManager: Mounting plugin SoundFields
LogPluginManager: Mounting plugin Synthesis
LogPluginManager: Mounting plugin WebMMoviePlayer
LogPluginManager: Mounting plugin WindowsMoviePlayer
LogPluginManager: Mounting plugin AnimationSharing
LogPluginManager: Mounting plugin CLionSourceCodeAccess
LogPluginManager: Mounting plugin CodeLiteSourceCodeAccess
LogPluginManager: Mounting plugin GitSourceControl
LogPluginManager: Mounting plugin KDevelopSourceCodeAccess
LogPluginManager: Mounting plugin NullSourceCodeAccess
LogPluginManager: Mounting plugin PixWinPlugin
LogPluginManager: Mounting plugin PerforceSourceControl
LogPluginManager: Mounting plugin PlasticSourceControl
LogPluginManager: Mounting plugin PluginUtils
LogPluginManager: Mounting plugin PropertyAccessNode
LogPluginManager: Mounting plugin RiderSourceCodeAccess
LogPluginManager: Mounting plugin SubversionSourceControl
LogPluginManager: Mounting plugin UObjectPlugin
LogPluginManager: Mounting plugin TextureFormatOodle
LogPluginManager: Mounting plugin VisualStudioSourceCodeAccess
LogPluginManager: Mounting plugin VisualStudioCodeSourceCodeAccess
LogPluginManager: Mounting plugin XCodeSourceCodeAccess
LogPluginManager: Mounting plugin ContentBrowserFileDataSource
LogPluginManager: Mounting plugin ContentBrowserAssetDataSource
LogPluginManager: Mounting plugin ContentBrowserClassDataSource
LogPluginManager: Mounting plugin OnlineSubsystemGooglePlay
LogPluginManager: Mounting plugin OnlineSubsystemIOS
LogPluginManager: Mounting plugin OculusVR
LogPluginManager: Mounting plugin SteamVR
LogInit: Using libcurl 7.55.1-DEV
LogInit:  - built for x86_64-pc-win32
LogInit:  - supports SSL with OpenSSL/1.1.1
LogInit:  - supports HTTP deflate (compression) using libz 1.2.8
LogInit:  - other features:
LogInit:      CURL_VERSION_SSL
LogInit:      CURL_VERSION_LIBZ
LogInit:      CURL_VERSION_IPV6
LogInit:      CURL_VERSION_ASYNCHDNS
LogInit:      CURL_VERSION_LARGEFILE
LogInit:      CURL_VERSION_IDN
LogInit:  CurlRequestOptions (configurable via config and command line):
LogInit:  - bVerifyPeer = true  - Libcurl will verify peer certificate
LogInit:  - bUseHttpProxy = false  - Libcurl will NOT use HTTP proxy
LogInit:  - bDontReuseConnections = false  - Libcurl will reuse connections
LogInit:  - MaxHostConnections = 16  - Libcurl will limit the number of connections to a host
LogInit:  - LocalHostAddr = Default
LogInit:  - BufferSize = 65536
LogOnline: OSS: Creating online subsystem instance for: NULL
LogInit: WinSock: version 1.1 (2.2), MaxSocks=32767, MaxUdp=65467
LogOnline: OSS: TryLoadSubsystemAndSetDefault: Loaded subsystem for module [NULL]
PixWinPlugin: PIX capture plugin failed to initialize! Check that the process is launched from PIX.
LogOculusPluginWrapper: OculusPlugin initialized successfully
LogHMD: Failed initializing OVRPlugin 1.59.0
LogInit: Build: ++UE4+Release-4.27-CL-18319896
LogInit: Engine Version: 4.27.2-18319896+++UE4+Release-4.27
LogInit: Compatible Engine Version: 4.27.0-17155196+++UE4+Release-4.27
LogInit: Net CL: 17155196
LogInit: OS: Windows 10 (Release 2009) (), CPU: AMD Ryzen 7 7800X3D 8-Core Processor           , GPU: AMD Radeon(TM) Graphics
LogInit: Compiled (64-bit): Nov 30 2021 07:12:08
LogInit: Compiled with Visual C++: 19.24.28315.00
LogInit: Build Configuration: Development
LogInit: Branch Name: ++UE4+Release-4.27
LogInit: Command Line: 
LogInit: Base Directory: C:/Program Files/Epic Games/UE_4.27/Engine/Binaries/Win64/
LogInit: Allocator: TBB
LogInit: Installed Engine Build: 1
LogDevObjectVersion: Number of dev versions registered: 29
LogDevObjectVersion:   Dev-Blueprints (B0D832E4-1F89-4F0D-ACCF-7EB736FD4AA2): 10
LogDevObjectVersion:   Dev-Build (E1C64328-A22C-4D53-A36C-8E866417BD8C): 0
LogDevObjectVersion:   Dev-Core (375EC13C-06E4-48FB-B500-84F0262A717E): 4
LogDevObjectVersion:   Dev-Editor (E4B068ED-F494-42E9-A231-DA0B2E46BB41): 40
LogDevObjectVersion:   Dev-Framework (CFFC743F-43B0-4480-9391-14DF171D2073): 37
LogDevObjectVersion:   Dev-Mobile (B02B49B5-BB20-44E9-A304-32B752E40360): 3
LogDevObjectVersion:   Dev-Networking (A4E4105C-59A1-49B5-A7C5-40C4547EDFEE): 0
LogDevObjectVersion:   Dev-Online (39C831C9-5AE6-47DC-9A44-9C173E1C8E7C): 0
LogDevObjectVersion:   Dev-Physics (78F01B33-EBEA-4F98-B9B4-84EACCB95AA2): 14
LogDevObjectVersion:   Dev-Platform (6631380F-2D4D-43E0-8009-CF276956A95A): 0
LogDevObjectVersion:   Dev-Rendering (12F88B9F-8875-4AFC-A67C-D90C383ABD29): 45
LogDevObjectVersion:   Dev-Sequencer (7B5AE74C-D270-4C10-A958-57980B212A5A): 13
LogDevObjectVersion:   Dev-VR (D7296918-1DD6-4BDD-9DE2-64A83CC13884): 3
LogDevObjectVersion:   Dev-LoadTimes (C2A15278-BFE7-4AFE-6C17-90FF531DF755): 1
LogDevObjectVersion:   Private-Geometry (6EACA3D4-40EC-4CC1-B786-8BED09428FC5): 3
LogDevObjectVersion:   Dev-AnimPhys (29E575DD-E0A3-4627-9D10-D276232CDCEA): 17
LogDevObjectVersion:   Dev-Anim (AF43A65D-7FD3-4947-9873-3E8ED9C1BB05): 15
LogDevObjectVersion:   Dev-ReflectionCapture (6B266CEC-1EC7-4B8F-A30B-E4D90942FC07): 1
LogDevObjectVersion:   Dev-Automation (0DF73D61-A23F-47EA-B727-89E90C41499A): 1
LogDevObjectVersion:   FortniteMain (601D1886-AC64-4F84-AA16-D3DE0DEAC7D6): 47
LogDevObjectVersion:   FortniteRelease (E7086368-6B23-4C58-8439-1B7016265E91): 1
LogDevObjectVersion:   Dev-Enterprise (9DFFBCD6-494F-0158-E221-12823C92A888): 10
LogDevObjectVersion:   Dev-Niagara (F2AED0AC-9AFE-416F-8664-AA7FFA26D6FC): 1
LogDevObjectVersion:   Dev-Destruction (174F1F0B-B4C6-45A5-B13F-2EE8D0FB917D): 10
LogDevObjectVersion:   Dev-Physics-Ext (35F94A83-E258-406C-A318-09F59610247C): 41
LogDevObjectVersion:   Dev-PhysicsMaterial-Chaos (B68FC16E-8B1B-42E2-B453-215C058844FE): 1
LogDevObjectVersion:   Dev-CineCamera (B2E18506-4273-CFC2-A54E-F4BB758BBA07): 1
LogDevObjectVersion:   Dev-VirtualProduction (64F58936-FD1B-42BA-BA96-7289D5D0FA4E): 1
LogDevObjectVersion:   Dev-MediaFramework (6F0ED827-A609-4895-9C91-998D90180EA4): 2
LogInit: Presizing for max 25165824 objects, including 0 objects not considered by GC, pre-allocating 0 bytes for permanent pool.
LogConfig: Applying CVar settings from Section [/Script/Engine.StreamingSettings] File [D:/GitHub/Projects/Other/Blueprint/Rolling/Saved/Config/Windows/Engine.ini]
LogConfig: Setting CVar [[s.MinBulkDataSizeForAsyncLoading:131072]]
LogConfig: Setting CVar [[s.AsyncLoadingThreadEnabled:0]]
LogConfig: Setting CVar [[s.EventDrivenLoaderEnabled:1]]
LogConfig: Setting CVar [[s.WarnIfTimeLimitExceeded:0]]
LogConfig: Setting CVar [[s.TimeLimitExceededMultiplier:1.5]]
LogConfig: Setting CVar [[s.TimeLimitExceededMinTime:0.005]]
LogConfig: Setting CVar [[s.UseBackgroundLevelStreaming:1]]
LogConfig: Setting CVar [[s.PriorityAsyncLoadingExtraTime:15.0]]
LogConfig: Setting CVar [[s.LevelStreamingActorsUpdateTimeLimit:5.0]]
LogConfig: Setting CVar [[s.PriorityLevelStreamingActorsUpdateExtraTime:5.0]]
LogConfig: Setting CVar [[s.LevelStreamingComponentsRegistrationGranularity:10]]
LogConfig: Setting CVar [[s.UnregisterComponentsTimeLimit:1.0]]
LogConfig: Setting CVar [[s.LevelStreamingComponentsUnregistrationGranularity:5]]
LogConfig: Setting CVar [[s.FlushStreamingOnExit:1]]
LogInit: Object subsystem initialized
LogConfig: Setting CVar [[con.DebugEarlyDefault:1]]
LogConfig: Setting CVar [[r.setres:1280x720]]
[2024.10.11-12.55.46:240][  0]LogConfig: Setting CVar [[r.VSync:0]]
[2024.10.11-12.55.46:240][  0]LogConfig: Setting CVar [[r.RHICmdBypass:0]]
[2024.10.11-12.55.46:241][  0]LogConfig: Applying CVar settings from Section [/Script/Engine.RendererSettings] File [D:/GitHub/Projects/Other/Blueprint/Rolling/Saved/Config/Windows/Engine.ini]
[2024.10.11-12.55.46:241][  0]LogConfig: Setting CVar [[r.GPUCrashDebugging:0]]
[2024.10.11-12.55.46:241][  0]LogConfig: Applying CVar settings from Section [/Script/Engine.RendererOverrideSettings] File [D:/GitHub/Projects/Other/Blueprint/Rolling/Saved/Config/Windows/Engine.ini]
[2024.10.11-12.55.46:241][  0]LogConfig: Applying CVar settings from Section [/Script/Engine.StreamingSettings] File [D:/GitHub/Projects/Other/Blueprint/Rolling/Saved/Config/Windows/Engine.ini]
[2024.10.11-12.55.46:241][  0]LogConfig: Setting CVar [[s.MinBulkDataSizeForAsyncLoading:131072]]
[2024.10.11-12.55.46:241][  0]LogConfig: Setting CVar [[s.AsyncLoadingThreadEnabled:0]]
[2024.10.11-12.55.46:241][  0]LogConfig: Setting CVar [[s.EventDrivenLoaderEnabled:1]]
[2024.10.11-12.55.46:241][  0]LogConfig: Setting CVar [[s.WarnIfTimeLimitExceeded:0]]
[2024.10.11-12.55.46:241][  0]LogConfig: Setting CVar [[s.TimeLimitExceededMultiplier:1.5]]
[2024.10.11-12.55.46:241][  0]LogConfig: Setting CVar [[s.TimeLimitExceededMinTime:0.005]]
[2024.10.11-12.55.46:241][  0]LogConfig: Setting CVar [[s.UseBackgroundLevelStreaming:1]]
[2024.10.11-12.55.46:241][  0]LogConfig: Setting CVar [[s.PriorityAsyncLoadingExtraTime:15.0]]
[2024.10.11-12.55.46:241][  0]LogConfig: Setting CVar [[s.LevelStreamingActorsUpdateTimeLimit:5.0]]
[2024.10.11-12.55.46:241][  0]LogConfig: Setting CVar [[s.PriorityLevelStreamingActorsUpdateExtraTime:5.0]]
[2024.10.11-12.55.46:241][  0]LogConfig: Setting CVar [[s.LevelStreamingComponentsRegistrationGranularity:10]]
[2024.10.11-12.55.46:241][  0]LogConfig: Setting CVar [[s.UnregisterComponentsTimeLimit:1.0]]
[2024.10.11-12.55.46:241][  0]LogConfig: Setting CVar [[s.LevelStreamingComponentsUnregistrationGranularity:5]]
[2024.10.11-12.55.46:241][  0]LogConfig: Setting CVar [[s.FlushStreamingOnExit:1]]
[2024.10.11-12.55.46:241][  0]LogConfig: Applying CVar settings from Section [/Script/Engine.GarbageCollectionSettings] File [D:/GitHub/Projects/Other/Blueprint/Rolling/Saved/Config/Windows/Engine.ini]
[2024.10.11-12.55.46:241][  0]LogConfig: Setting CVar [[gc.MaxObjectsNotConsideredByGC:1]]
[2024.10.11-12.55.46:241][  0]LogConfig: Setting CVar [[gc.SizeOfPermanentObjectPool:0]]
[2024.10.11-12.55.46:241][  0]LogConfig: Setting CVar [[gc.FlushStreamingOnGC:0]]
[2024.10.11-12.55.46:241][  0]LogConfig: Setting CVar [[gc.NumRetriesBeforeForcingGC:10]]
[2024.10.11-12.55.46:241][  0]LogConfig: Setting CVar [[gc.AllowParallelGC:1]]
[2024.10.11-12.55.46:241][  0]LogConfig: Setting CVar [[gc.TimeBetweenPurgingPendingKillObjects:61.1]]
[2024.10.11-12.55.46:241][  0]LogConfig: Setting CVar [[gc.MaxObjectsInEditor:25165824]]
[2024.10.11-12.55.46:241][  0]LogConfig: Setting CVar [[gc.IncrementalBeginDestroyEnabled:1]]
[2024.10.11-12.55.46:241][  0]LogConfig: Setting CVar [[gc.CreateGCClusters:1]]
[2024.10.11-12.55.46:241][  0]LogConfig: Setting CVar [[gc.MinGCClusterSize:5]]
[2024.10.11-12.55.46:241][  0]LogConfig: Setting CVar [[gc.ActorClusteringEnabled:0]]
[2024.10.11-12.55.46:241][  0]LogConfig: Setting CVar [[gc.BlueprintClusteringEnabled:0]]
[2024.10.11-12.55.46:241][  0]LogConfig: Setting CVar [[gc.UseDisregardForGCOnDedicatedServers:0]]
[2024.10.11-12.55.46:241][  0]LogConfig: Setting CVar [[gc.MultithreadedDestructionEnabled:1]]
[2024.10.11-12.55.46:241][  0]LogConfig: Applying CVar settings from Section [/Script/Engine.NetworkSettings] File [D:/GitHub/Projects/Other/Blueprint/Rolling/Saved/Config/Windows/Engine.ini]
[2024.10.11-12.55.46:241][  0]LogConfig: Applying CVar settings from Section [/Script/UnrealEd.CookerSettings] File [D:/GitHub/Projects/Other/Blueprint/Rolling/Saved/Config/Windows/Engine.ini]
[2024.10.11-12.55.46:257][  0]LogConfig: Applying CVar settings from Section [ViewDistanceQuality@3] File [D:/GitHub/Projects/Other/Blueprint/Rolling/Saved/Config/Windows/Scalability.ini]
[2024.10.11-12.55.46:257][  0]LogConfig: Setting CVar [[r.SkeletalMeshLODBias:0]]
[2024.10.11-12.55.46:257][  0]LogConfig: Setting CVar [[r.ViewDistanceScale:1.0]]
[2024.10.11-12.55.46:257][  0]LogConfig: Applying CVar settings from Section [AntiAliasingQuality@3] File [D:/GitHub/Projects/Other/Blueprint/Rolling/Saved/Config/Windows/Scalability.ini]
[2024.10.11-12.55.46:257][  0]LogConfig: Setting CVar [[r.PostProcessAAQuality:4]]
[2024.10.11-12.55.46:257][  0]LogConfig: Applying CVar settings from Section [ShadowQuality@3] File [D:/GitHub/Projects/Other/Blueprint/Rolling/Saved/Config/Windows/Scalability.ini]
[2024.10.11-12.55.46:257][  0]LogConfig: Setting CVar [[r.LightFunctionQuality:1]]
[2024.10.11-12.55.46:257][  0]LogConfig: Setting CVar [[r.ShadowQuality:5]]
[2024.10.11-12.55.46:257][  0]LogConfig: Setting CVar [[r.Shadow.CSM.MaxCascades:10]]
[2024.10.11-12.55.46:257][  0]LogConfig: Setting CVar [[r.Shadow.MaxResolution:2048]]
[2024.10.11-12.55.46:257][  0]LogConfig: Setting CVar [[r.Shadow.MaxCSMResolution:2048]]
[2024.10.11-12.55.46:257][  0]LogConfig: Setting CVar [[r.Shadow.RadiusThreshold:0.01]]
[2024.10.11-12.55.46:257][  0]LogConfig: Setting CVar [[r.Shadow.DistanceScale:1.0]]
[2024.10.11-12.55.46:257][  0]LogConfig: Setting CVar [[r.Shadow.CSM.TransitionScale:1.0]]
[2024.10.11-12.55.46:257][  0]LogConfig: Setting CVar [[r.Shadow.PreShadowResolutionFactor:1.0]]
[2024.10.11-12.55.46:257][  0]LogConfig: Setting CVar [[r.DistanceFieldShadowing:1]]
[2024.10.11-12.55.46:257][  0]LogConfig: Setting CVar [[r.DistanceFieldAO:1]]
[2024.10.11-12.55.46:257][  0]LogConfig: Setting CVar [[r.AOQuality:2]]
[2024.10.11-12.55.46:257][  0]LogConfig: Setting CVar [[r.VolumetricFog:1]]
[2024.10.11-12.55.46:257][  0]LogConfig: Setting CVar [[r.VolumetricFog.GridPixelSize:8]]
[2024.10.11-12.55.46:257][  0]LogConfig: Setting CVar [[r.VolumetricFog.GridSizeZ:128]]
[2024.10.11-12.55.46:257][  0]LogConfig: Setting CVar [[r.VolumetricFog.HistoryMissSupersampleCount:4]]
[2024.10.11-12.55.46:257][  0]LogConfig: Setting CVar [[r.LightMaxDrawDistanceScale:1]]
[2024.10.11-12.55.46:257][  0]LogConfig: Setting CVar [[r.CapsuleShadows:1]]
[2024.10.11-12.55.46:257][  0]LogConfig: Applying CVar settings from Section [PostProcessQuality@3] File [D:/GitHub/Projects/Other/Blueprint/Rolling/Saved/Config/Windows/Scalability.ini]
[2024.10.11-12.55.46:257][  0]LogConfig: Setting CVar [[r.MotionBlurQuality:4]]
[2024.10.11-12.55.46:257][  0]LogConfig: Setting CVar [[r.AmbientOcclusionMipLevelFactor:0.4]]
[2024.10.11-12.55.46:257][  0]LogConfig: Setting CVar [[r.AmbientOcclusionMaxQuality:100]]
[2024.10.11-12.55.46:257][  0]LogConfig: Setting CVar [[r.AmbientOcclusionLevels:-1]]
[2024.10.11-12.55.46:257][  0]LogConfig: Setting CVar [[r.AmbientOcclusionRadiusScale:1.0]]
[2024.10.11-12.55.46:257][  0]LogConfig: Setting CVar [[r.DepthOfFieldQuality:2]]
[2024.10.11-12.55.46:257][  0]LogConfig: Setting CVar [[r.RenderTargetPoolMin:400]]
[2024.10.11-12.55.46:258][  0]LogConfig: Setting CVar [[r.LensFlareQuality:2]]
[2024.10.11-12.55.46:258][  0]LogConfig: Setting CVar [[r.SceneColorFringeQuality:1]]
[2024.10.11-12.55.46:258][  0]LogConfig: Setting CVar [[r.EyeAdaptationQuality:2]]
[2024.10.11-12.55.46:258][  0]LogConfig: Setting CVar [[r.BloomQuality:5]]
[2024.10.11-12.55.46:258][  0]LogConfig: Setting CVar [[r.FastBlurThreshold:100]]
[2024.10.11-12.55.46:258][  0]LogConfig: Setting CVar [[r.Upscale.Quality:3]]
[2024.10.11-12.55.46:258][  0]LogConfig: Setting CVar [[r.Tonemapper.GrainQuantization:1]]
[2024.10.11-12.55.46:258][  0]LogConfig: Setting CVar [[r.LightShaftQuality:1]]
[2024.10.11-12.55.46:258][  0]LogConfig: Setting CVar [[r.Filter.SizeScale:1]]
[2024.10.11-12.55.46:258][  0]LogConfig: Setting CVar [[r.Tonemapper.Quality:5]]
[2024.10.11-12.55.46:258][  0]LogConfig: Setting CVar [[r.DOF.Gather.AccumulatorQuality:1        ; higher gathering accumulator quality]]
[2024.10.11-12.55.46:258][  0]LogConfig: Setting CVar [[r.DOF.Gather.PostfilterMethod:1          ; Median3x3 postfilering method]]
[2024.10.11-12.55.46:258][  0]LogConfig: Setting CVar [[r.DOF.Gather.EnableBokehSettings:0       ; no bokeh simulation when gathering]]
[2024.10.11-12.55.46:258][  0]LogConfig: Setting CVar [[r.DOF.Gather.RingCount:4                 ; medium number of samples when gathering]]
[2024.10.11-12.55.46:258][  0]LogConfig: Setting CVar [[r.DOF.Scatter.ForegroundCompositing:1    ; additive foreground scattering]]
[2024.10.11-12.55.46:258][  0]LogConfig: Setting CVar [[r.DOF.Scatter.BackgroundCompositing:2    ; additive background scattering]]
[2024.10.11-12.55.46:258][  0]LogConfig: Setting CVar [[r.DOF.Scatter.EnableBokehSettings:1      ; bokeh simulation when scattering]]
[2024.10.11-12.55.46:258][  0]LogConfig: Setting CVar [[r.DOF.Scatter.MaxSpriteRatio:0.1         ; only a maximum of 10% of scattered bokeh]]
[2024.10.11-12.55.46:258][  0]LogConfig: Setting CVar [[r.DOF.Recombine.Quality:1                ; cheap slight out of focus]]
[2024.10.11-12.55.46:258][  0]LogConfig: Setting CVar [[r.DOF.Recombine.EnableBokehSettings:0    ; no bokeh simulation on slight out of focus]]
[2024.10.11-12.55.46:258][  0]LogConfig: Setting CVar [[r.DOF.TemporalAAQuality:1                ; more stable temporal accumulation]]
[2024.10.11-12.55.46:258][  0]LogConfig: Setting CVar [[r.DOF.Kernel.MaxForegroundRadius:0.025]]
[2024.10.11-12.55.46:258][  0]LogConfig: Setting CVar [[r.DOF.Kernel.MaxBackgroundRadius:0.025]]
[2024.10.11-12.55.46:258][  0]LogConfig: Applying CVar settings from Section [TextureQuality@3] File [D:/GitHub/Projects/Other/Blueprint/Rolling/Saved/Config/Windows/Scalability.ini]
[2024.10.11-12.55.46:258][  0]LogConfig: Setting CVar [[r.Streaming.MipBias:0]]
[2024.10.11-12.55.46:258][  0]LogConfig: Setting CVar [[r.Streaming.AmortizeCPUToGPUCopy:0]]
[2024.10.11-12.55.46:258][  0]LogConfig: Setting CVar [[r.Streaming.MaxNumTexturesToStreamPerFrame:0]]
[2024.10.11-12.55.46:258][  0]LogConfig: Setting CVar [[r.Streaming.Boost:1]]
[2024.10.11-12.55.46:258][  0]LogConfig: Setting CVar [[r.MaxAnisotropy:8]]
[2024.10.11-12.55.46:258][  0]LogConfig: Setting CVar [[r.VT.MaxAnisotropy:8]]
[2024.10.11-12.55.46:258][  0]LogConfig: Setting CVar [[r.Streaming.LimitPoolSizeToVRAM:0]]
[2024.10.11-12.55.46:258][  0]LogConfig: Setting CVar [[r.Streaming.PoolSize:1000]]
[2024.10.11-12.55.46:258][  0]LogConfig: Setting CVar [[r.Streaming.MaxEffectiveScreenSize:0]]
[2024.10.11-12.55.46:258][  0]LogConfig: Applying CVar settings from Section [EffectsQuality@3] File [D:/GitHub/Projects/Other/Blueprint/Rolling/Saved/Config/Windows/Scalability.ini]
[2024.10.11-12.55.46:258][  0]LogConfig: Setting CVar [[r.TranslucencyLightingVolumeDim:64]]
[2024.10.11-12.55.46:258][  0]LogConfig: Setting CVar [[r.RefractionQuality:2]]
[2024.10.11-12.55.46:258][  0]LogConfig: Setting CVar [[r.SSR.Quality:3]]
[2024.10.11-12.55.46:258][  0]LogConfig: Setting CVar [[r.SSR.HalfResSceneColor:0]]
[2024.10.11-12.55.46:258][  0]LogConfig: Setting CVar [[r.SceneColorFormat:4]]
[2024.10.11-12.55.46:258][  0]LogConfig: Setting CVar [[r.DetailMode:2]]
[2024.10.11-12.55.46:258][  0]LogConfig: Setting CVar [[r.TranslucencyVolumeBlur:1]]
[2024.10.11-12.55.46:258][  0]LogConfig: Setting CVar [[r.MaterialQualityLevel:1 ; High quality]]
[2024.10.11-12.55.46:258][  0]LogConfig: Setting CVar [[r.AnisotropicMaterials:1]]
[2024.10.11-12.55.46:258][  0]LogConfig: Setting CVar [[r.SSS.Scale:1]]
[2024.10.11-12.55.46:258][  0]LogConfig: Setting CVar [[r.SSS.SampleSet:2]]
[2024.10.11-12.55.46:258][  0]LogConfig: Setting CVar [[r.SSS.Quality:1]]
[2024.10.11-12.55.46:258][  0]LogConfig: Setting CVar [[r.SSS.HalfRes:0]]
[2024.10.11-12.55.46:258][  0]LogConfig: Setting CVar [[r.SSGI.Quality:3]]
[2024.10.11-12.55.46:258][  0]LogConfig: Setting CVar [[r.EmitterSpawnRateScale:1.0]]
[2024.10.11-12.55.46:258][  0]LogConfig: Setting CVar [[r.ParticleLightQuality:2]]
[2024.10.11-12.55.46:258][  0]LogConfig: Setting CVar [[r.SkyAtmosphere.AerialPerspectiveLUT.FastApplyOnOpaque:1 ; Always have FastSkyLUT 1 in this case to avoid wrong sky]]
[2024.10.11-12.55.46:258][  0]LogConfig: Setting CVar [[r.SkyAtmosphere.AerialPerspectiveLUT.SampleCountMaxPerSlice:4]]
[2024.10.11-12.55.46:258][  0]LogConfig: Setting CVar [[r.SkyAtmosphere.AerialPerspectiveLUT.DepthResolution:16.0]]
[2024.10.11-12.55.46:258][  0]LogConfig: Setting CVar [[r.SkyAtmosphere.FastSkyLUT:1]]
[2024.10.11-12.55.46:258][  0]LogConfig: Setting CVar [[r.SkyAtmosphere.FastSkyLUT.SampleCountMin:4.0]]
[2024.10.11-12.55.46:258][  0]LogConfig: Setting CVar [[r.SkyAtmosphere.FastSkyLUT.SampleCountMax:128.0]]
[2024.10.11-12.55.46:258][  0]LogConfig: Setting CVar [[r.SkyAtmosphere.SampleCountMin:4.0]]
[2024.10.11-12.55.46:258][  0]LogConfig: Setting CVar [[r.SkyAtmosphere.SampleCountMax:128.0]]
[2024.10.11-12.55.46:258][  0]LogConfig: Setting CVar [[r.SkyAtmosphere.TransmittanceLUT.UseSmallFormat:0]]
[2024.10.11-12.55.46:258][  0]LogConfig: Setting CVar [[r.SkyAtmosphere.TransmittanceLUT.SampleCount:10.0]]
[2024.10.11-12.55.46:258][  0]LogConfig: Setting CVar [[r.SkyAtmosphere.MultiScatteringLUT.SampleCount:15.0]]
[2024.10.11-12.55.46:258][  0]LogConfig: Setting CVar [[r.SkyLight.RealTimeReflectionCapture:1]]
[2024.10.11-12.55.46:258][  0]LogConfig: Applying CVar settings from Section [FoliageQuality@3] File [D:/GitHub/Projects/Other/Blueprint/Rolling/Saved/Config/Windows/Scalability.ini]
[2024.10.11-12.55.46:258][  0]LogConfig: Setting CVar [[foliage.DensityScale:1.0]]
[2024.10.11-12.55.46:258][  0]LogConfig: Setting CVar [[grass.DensityScale:1.0]]
[2024.10.11-12.55.46:258][  0]LogConfig: Applying CVar settings from Section [ShadingQuality@3] File [D:/GitHub/Projects/Other/Blueprint/Rolling/Saved/Config/Windows/Scalability.ini]
[2024.10.11-12.55.46:258][  0]LogConfig: Setting CVar [[r.HairStrands.SkyLighting.IntegrationType:2]]
[2024.10.11-12.55.46:258][  0]LogConfig: Setting CVar [[r.HairStrands.SkyAO.SampleCount:4]]
[2024.10.11-12.55.46:258][  0]LogConfig: Setting CVar [[r.HairStrands.Visibility.MSAA.SamplePerPixel:4]]
[2024.10.11-12.55.46:258][  0]LogInit: Selected Device Profile: [Windows]
[2024.10.11-12.55.46:258][  0]LogInit: Applying CVar settings loaded from the selected device profile: [Windows]
[2024.10.11-12.55.46:258][  0]LogHAL: Display: Platform has ~ 64 GB [67794067456 / 68719476736 / 64], which maps to Largest [LargestMinGB=32, LargerMinGB=12, DefaultMinGB=8, SmallerMinGB=6, SmallestMinGB=0)
[2024.10.11-12.55.46:258][  0]LogInit: Going up to parent DeviceProfile []
[2024.10.11-12.55.46:258][  0]LogConfig: Applying CVar settings from Section [ViewDistanceQuality@3] File [D:/GitHub/Projects/Other/Blueprint/Rolling/Saved/Config/Windows/Scalability.ini]
[2024.10.11-12.55.46:258][  0]LogConfig: Setting CVar [[r.SkeletalMeshLODBias:0]]
[2024.10.11-12.55.46:258][  0]LogConfig: Setting CVar [[r.ViewDistanceScale:1.0]]
[2024.10.11-12.55.46:258][  0]LogConfig: Applying CVar settings from Section [AntiAliasingQuality@3] File [D:/GitHub/Projects/Other/Blueprint/Rolling/Saved/Config/Windows/Scalability.ini]
[2024.10.11-12.55.46:258][  0]LogConfig: Setting CVar [[r.PostProcessAAQuality:4]]
[2024.10.11-12.55.46:258][  0]LogConfig: Applying CVar settings from Section [ShadowQuality@3] File [D:/GitHub/Projects/Other/Blueprint/Rolling/Saved/Config/Windows/Scalability.ini]
[2024.10.11-12.55.46:258][  0]LogConfig: Setting CVar [[r.LightFunctionQuality:1]]
[2024.10.11-12.55.46:258][  0]LogConfig: Setting CVar [[r.ShadowQuality:5]]
[2024.10.11-12.55.46:258][  0]LogConfig: Setting CVar [[r.Shadow.CSM.MaxCascades:10]]
[2024.10.11-12.55.46:258][  0]LogConfig: Setting CVar [[r.Shadow.MaxResolution:2048]]
[2024.10.11-12.55.46:258][  0]LogConfig: Setting CVar [[r.Shadow.MaxCSMResolution:2048]]
[2024.10.11-12.55.46:258][  0]LogConfig: Setting CVar [[r.Shadow.RadiusThreshold:0.01]]
[2024.10.11-12.55.46:258][  0]LogConfig: Setting CVar [[r.Shadow.DistanceScale:1.0]]
[2024.10.11-12.55.46:258][  0]LogConfig: Setting CVar [[r.Shadow.CSM.TransitionScale:1.0]]
[2024.10.11-12.55.46:258][  0]LogConfig: Setting CVar [[r.Shadow.PreShadowResolutionFactor:1.0]]
[2024.10.11-12.55.46:258][  0]LogConfig: Setting CVar [[r.DistanceFieldShadowing:1]]
[2024.10.11-12.55.46:258][  0]LogConfig: Setting CVar [[r.DistanceFieldAO:1]]
[2024.10.11-12.55.46:259][  0]LogConfig: Setting CVar [[r.AOQuality:2]]
[2024.10.11-12.55.46:259][  0]LogConfig: Setting CVar [[r.VolumetricFog:1]]
[2024.10.11-12.55.46:259][  0]LogConfig: Setting CVar [[r.VolumetricFog.GridPixelSize:8]]
[2024.10.11-12.55.46:259][  0]LogConfig: Setting CVar [[r.VolumetricFog.GridSizeZ:128]]
[2024.10.11-12.55.46:259][  0]LogConfig: Setting CVar [[r.VolumetricFog.HistoryMissSupersampleCount:4]]
[2024.10.11-12.55.46:259][  0]LogConfig: Setting CVar [[r.LightMaxDrawDistanceScale:1]]
[2024.10.11-12.55.46:259][  0]LogConfig: Setting CVar [[r.CapsuleShadows:1]]
[2024.10.11-12.55.46:259][  0]LogConfig: Applying CVar settings from Section [PostProcessQuality@3] File [D:/GitHub/Projects/Other/Blueprint/Rolling/Saved/Config/Windows/Scalability.ini]
[2024.10.11-12.55.46:259][  0]LogConfig: Setting CVar [[r.MotionBlurQuality:4]]
[2024.10.11-12.55.46:259][  0]LogConfig: Setting CVar [[r.AmbientOcclusionMipLevelFactor:0.4]]
[2024.10.11-12.55.46:259][  0]LogConfig: Setting CVar [[r.AmbientOcclusionMaxQuality:100]]
[2024.10.11-12.55.46:259][  0]LogConfig: Setting CVar [[r.AmbientOcclusionLevels:-1]]
[2024.10.11-12.55.46:259][  0]LogConfig: Setting CVar [[r.AmbientOcclusionRadiusScale:1.0]]
[2024.10.11-12.55.46:259][  0]LogConfig: Setting CVar [[r.DepthOfFieldQuality:2]]
[2024.10.11-12.55.46:259][  0]LogConfig: Setting CVar [[r.RenderTargetPoolMin:400]]
[2024.10.11-12.55.46:259][  0]LogConfig: Setting CVar [[r.LensFlareQuality:2]]
[2024.10.11-12.55.46:259][  0]LogConfig: Setting CVar [[r.SceneColorFringeQuality:1]]
[2024.10.11-12.55.46:259][  0]LogConfig: Setting CVar [[r.EyeAdaptationQuality:2]]
[2024.10.11-12.55.46:259][  0]LogConfig: Setting CVar [[r.BloomQuality:5]]
[2024.10.11-12.55.46:259][  0]LogConfig: Setting CVar [[r.FastBlurThreshold:100]]
[2024.10.11-12.55.46:259][  0]LogConfig: Setting CVar [[r.Upscale.Quality:3]]
[2024.10.11-12.55.46:259][  0]LogConfig: Setting CVar [[r.Tonemapper.GrainQuantization:1]]
[2024.10.11-12.55.46:259][  0]LogConfig: Setting CVar [[r.LightShaftQuality:1]]
[2024.10.11-12.55.46:259][  0]LogConfig: Setting CVar [[r.Filter.SizeScale:1]]
[2024.10.11-12.55.46:259][  0]LogConfig: Setting CVar [[r.Tonemapper.Quality:5]]
[2024.10.11-12.55.46:259][  0]LogConfig: Setting CVar [[r.DOF.Gather.AccumulatorQuality:1        ; higher gathering accumulator quality]]
[2024.10.11-12.55.46:259][  0]LogConfig: Setting CVar [[r.DOF.Gather.PostfilterMethod:1          ; Median3x3 postfilering method]]
[2024.10.11-12.55.46:259][  0]LogConfig: Setting CVar [[r.DOF.Gather.EnableBokehSettings:0       ; no bokeh simulation when gathering]]
[2024.10.11-12.55.46:259][  0]LogConfig: Setting CVar [[r.DOF.Gather.RingCount:4                 ; medium number of samples when gathering]]
[2024.10.11-12.55.46:259][  0]LogConfig: Setting CVar [[r.DOF.Scatter.ForegroundCompositing:1    ; additive foreground scattering]]
[2024.10.11-12.55.46:259][  0]LogConfig: Setting CVar [[r.DOF.Scatter.BackgroundCompositing:2    ; additive background scattering]]
[2024.10.11-12.55.46:259][  0]LogConfig: Setting CVar [[r.DOF.Scatter.EnableBokehSettings:1      ; bokeh simulation when scattering]]
[2024.10.11-12.55.46:259][  0]LogConfig: Setting CVar [[r.DOF.Scatter.MaxSpriteRatio:0.1         ; only a maximum of 10% of scattered bokeh]]
[2024.10.11-12.55.46:259][  0]LogConfig: Setting CVar [[r.DOF.Recombine.Quality:1                ; cheap slight out of focus]]
[2024.10.11-12.55.46:259][  0]LogConfig: Setting CVar [[r.DOF.Recombine.EnableBokehSettings:0    ; no bokeh simulation on slight out of focus]]
[2024.10.11-12.55.46:259][  0]LogConfig: Setting CVar [[r.DOF.TemporalAAQuality:1                ; more stable temporal accumulation]]
[2024.10.11-12.55.46:259][  0]LogConfig: Setting CVar [[r.DOF.Kernel.MaxForegroundRadius:0.025]]
[2024.10.11-12.55.46:259][  0]LogConfig: Setting CVar [[r.DOF.Kernel.MaxBackgroundRadius:0.025]]
[2024.10.11-12.55.46:259][  0]LogConfig: Applying CVar settings from Section [TextureQuality@3] File [D:/GitHub/Projects/Other/Blueprint/Rolling/Saved/Config/Windows/Scalability.ini]
[2024.10.11-12.55.46:259][  0]LogConfig: Setting CVar [[r.Streaming.MipBias:0]]
[2024.10.11-12.55.46:259][  0]LogConfig: Setting CVar [[r.Streaming.AmortizeCPUToGPUCopy:0]]
[2024.10.11-12.55.46:259][  0]LogConfig: Setting CVar [[r.Streaming.MaxNumTexturesToStreamPerFrame:0]]
[2024.10.11-12.55.46:259][  0]LogConfig: Setting CVar [[r.Streaming.Boost:1]]
[2024.10.11-12.55.46:259][  0]LogConfig: Setting CVar [[r.MaxAnisotropy:8]]
[2024.10.11-12.55.46:259][  0]LogConfig: Setting CVar [[r.VT.MaxAnisotropy:8]]
[2024.10.11-12.55.46:259][  0]LogConfig: Setting CVar [[r.Streaming.LimitPoolSizeToVRAM:0]]
[2024.10.11-12.55.46:259][  0]LogConfig: Setting CVar [[r.Streaming.PoolSize:1000]]
[2024.10.11-12.55.46:259][  0]LogConfig: Setting CVar [[r.Streaming.MaxEffectiveScreenSize:0]]
[2024.10.11-12.55.46:259][  0]LogConfig: Applying CVar settings from Section [EffectsQuality@3] File [D:/GitHub/Projects/Other/Blueprint/Rolling/Saved/Config/Windows/Scalability.ini]
[2024.10.11-12.55.46:259][  0]LogConfig: Setting CVar [[r.TranslucencyLightingVolumeDim:64]]
[2024.10.11-12.55.46:259][  0]LogConfig: Setting CVar [[r.RefractionQuality:2]]
[2024.10.11-12.55.46:259][  0]LogConfig: Setting CVar [[r.SSR.Quality:3]]
[2024.10.11-12.55.46:259][  0]LogConfig: Setting CVar [[r.SSR.HalfResSceneColor:0]]
[2024.10.11-12.55.46:259][  0]LogConfig: Setting CVar [[r.SceneColorFormat:4]]
[2024.10.11-12.55.46:259][  0]LogConfig: Setting CVar [[r.DetailMode:2]]
[2024.10.11-12.55.46:259][  0]LogConfig: Setting CVar [[r.TranslucencyVolumeBlur:1]]
[2024.10.11-12.55.46:259][  0]LogConfig: Setting CVar [[r.MaterialQualityLevel:1 ; High quality]]
[2024.10.11-12.55.46:259][  0]LogConfig: Setting CVar [[r.AnisotropicMaterials:1]]
[2024.10.11-12.55.46:259][  0]LogConfig: Setting CVar [[r.SSS.Scale:1]]
[2024.10.11-12.55.46:259][  0]LogConfig: Setting CVar [[r.SSS.SampleSet:2]]
[2024.10.11-12.55.46:259][  0]LogConfig: Setting CVar [[r.SSS.Quality:1]]
[2024.10.11-12.55.46:259][  0]LogConfig: Setting CVar [[r.SSS.HalfRes:0]]
[2024.10.11-12.55.46:259][  0]LogConfig: Setting CVar [[r.SSGI.Quality:3]]
[2024.10.11-12.55.46:259][  0]LogConfig: Setting CVar [[r.EmitterSpawnRateScale:1.0]]
[2024.10.11-12.55.46:259][  0]LogConfig: Setting CVar [[r.ParticleLightQuality:2]]
[2024.10.11-12.55.46:259][  0]LogConfig: Setting CVar [[r.SkyAtmosphere.AerialPerspectiveLUT.FastApplyOnOpaque:1 ; Always have FastSkyLUT 1 in this case to avoid wrong sky]]
[2024.10.11-12.55.46:259][  0]LogConfig: Setting CVar [[r.SkyAtmosphere.AerialPerspectiveLUT.SampleCountMaxPerSlice:4]]
[2024.10.11-12.55.46:259][  0]LogConfig: Setting CVar [[r.SkyAtmosphere.AerialPerspectiveLUT.DepthResolution:16.0]]
[2024.10.11-12.55.46:259][  0]LogConfig: Setting CVar [[r.SkyAtmosphere.FastSkyLUT:1]]
[2024.10.11-12.55.46:259][  0]LogConfig: Setting CVar [[r.SkyAtmosphere.FastSkyLUT.SampleCountMin:4.0]]
[2024.10.11-12.55.46:259][  0]LogConfig: Setting CVar [[r.SkyAtmosphere.FastSkyLUT.SampleCountMax:128.0]]
[2024.10.11-12.55.46:259][  0]LogConfig: Setting CVar [[r.SkyAtmosphere.SampleCountMin:4.0]]
[2024.10.11-12.55.46:259][  0]LogConfig: Setting CVar [[r.SkyAtmosphere.SampleCountMax:128.0]]
[2024.10.11-12.55.46:259][  0]LogConfig: Setting CVar [[r.SkyAtmosphere.TransmittanceLUT.UseSmallFormat:0]]
[2024.10.11-12.55.46:259][  0]LogConfig: Setting CVar [[r.SkyAtmosphere.TransmittanceLUT.SampleCount:10.0]]
[2024.10.11-12.55.46:259][  0]LogConfig: Setting CVar [[r.SkyAtmosphere.MultiScatteringLUT.SampleCount:15.0]]
[2024.10.11-12.55.46:259][  0]LogConfig: Setting CVar [[r.SkyLight.RealTimeReflectionCapture:1]]
[2024.10.11-12.55.46:259][  0]LogConfig: Applying CVar settings from Section [FoliageQuality@3] File [D:/GitHub/Projects/Other/Blueprint/Rolling/Saved/Config/Windows/Scalability.ini]
[2024.10.11-12.55.46:259][  0]LogConfig: Setting CVar [[foliage.DensityScale:1.0]]
[2024.10.11-12.55.46:259][  0]LogConfig: Setting CVar [[grass.DensityScale:1.0]]
[2024.10.11-12.55.46:259][  0]LogConfig: Applying CVar settings from Section [ShadingQuality@3] File [D:/GitHub/Projects/Other/Blueprint/Rolling/Saved/Config/Windows/Scalability.ini]
[2024.10.11-12.55.46:259][  0]LogConfig: Setting CVar [[r.HairStrands.SkyLighting.IntegrationType:2]]
[2024.10.11-12.55.46:259][  0]LogConfig: Setting CVar [[r.HairStrands.SkyAO.SampleCount:4]]
[2024.10.11-12.55.46:259][  0]LogConfig: Setting CVar [[r.HairStrands.Visibility.MSAA.SamplePerPixel:4]]
[2024.10.11-12.55.46:259][  0]LogConfig: Applying CVar settings from Section [Startup] File [../../../Engine/Config/ConsoleVariables.ini]
[2024.10.11-12.55.46:259][  0]LogConfig: Setting CVar [[net.UseAdaptiveNetUpdateFrequency:0]]
[2024.10.11-12.55.46:259][  0]LogConfig: Setting CVar [[p.chaos.AllowCreatePhysxBodies:1]]
[2024.10.11-12.55.46:259][  0]LogConfig: Setting CVar [[fx.SkipVectorVMBackendOptimizations:1]]
[2024.10.11-12.55.46:259][  0]LogConfig: Applying CVar settings from Section [ConsoleVariables] File [D:/GitHub/Projects/Other/Blueprint/Rolling/Saved/Config/Windows/Engine.ini]
[2024.10.11-12.55.46:259][  0]LogConfig: Applying CVar settings from Section [ConsoleVariables] File [D:/GitHub/Projects/Other/Blueprint/Rolling/Saved/Config/Windows/Editor.ini]
[2024.10.11-12.55.46:259][  0]LogInit: Computer: PASHA
[2024.10.11-12.55.46:259][  0]LogInit: User: pasha
[2024.10.11-12.55.46:260][  0]LogInit: CPU Page size=4096, Cores=8
[2024.10.11-12.55.46:260][  0]LogInit: High frequency timer resolution =10.000000 MHz
[2024.10.11-12.55.46:260][  0]LogMemory: Memory total: Physical=63.1GB (64GB approx)
[2024.10.11-12.55.46:260][  0]LogMemory: Platform Memory Stats for Windows
[2024.10.11-12.55.46:260][  0]LogMemory: Process Physical Memory: 148.47 MB used, 148.47 MB peak
[2024.10.11-12.55.46:260][  0]LogMemory: Process Virtual Memory: 131.69 MB used, 131.69 MB peak
[2024.10.11-12.55.46:260][  0]LogMemory: Physical Memory: 15748.93 MB used,  48904.54 MB free, 64653.46 MB total
[2024.10.11-12.55.46:260][  0]LogMemory: Virtual Memory: 134171688.00 MB used,  46039.12 MB free, 134217728.00 MB total
[2024.10.11-12.55.46:263][  0]LogWindows: WindowsPlatformFeatures enabled
[2024.10.11-12.55.46:279][  0]LogInit: Physics initialised using underlying interface: PhysX
[2024.10.11-12.55.46:279][  0]LogInit: Using OS detected language (en-US).
[2024.10.11-12.55.46:279][  0]LogInit: Using OS detected locale (en-US).
[2024.10.11-12.55.46:283][  0]LogTextLocalizationManager: No specific localization for 'en-US' exists, so the 'en' localization will be used.
[2024.10.11-12.55.46:407][  0]LogInit: Setting process to per monitor DPI aware
[2024.10.11-12.55.46:416][  0]LogWindowsTextInputMethodSystem: Display: IME system deactivated.
[2024.10.11-12.55.46:426][  0]LogSlate: New Slate User Created.  User Index 0, Is Virtual User: 0
[2024.10.11-12.55.46:426][  0]LogSlate: Slate User Registered.  User Index 0, Is Virtual User: 0
[2024.10.11-12.55.46:505][  0]LogD3D11RHI: Loaded GFSDK_Aftermath_Lib.x64.dll
[2024.10.11-12.55.46:509][  0]LogHMD: Failed to initialize OpenVR with code 110
[2024.10.11-12.55.46:509][  0]LogD3D11RHI: D3D11 min allowed feature level: 11_0
[2024.10.11-12.55.46:509][  0]LogD3D11RHI: D3D11 max allowed feature level: 11_0
[2024.10.11-12.55.46:509][  0]LogD3D11RHI: D3D11 adapters:
[2024.10.11-12.55.46:623][  0]LogD3D11RHI:    0. 'NVIDIA GeForce RTX 4070 Ti SUPER' (Feature Level 11_0)
[2024.10.11-12.55.46:623][  0]LogD3D11RHI:       16063/0/32326 MB DedicatedVideo/DedicatedSystem/SharedSystem, Outputs:1, VendorId:0x10de
[2024.10.11-12.55.46:688][  0]LogD3D11RHI:    1. 'AMD Radeon(TM) Graphics' (Feature Level 11_0)
[2024.10.11-12.55.46:688][  0]LogD3D11RHI:       485/0/32326 MB DedicatedVideo/DedicatedSystem/SharedSystem, Outputs:0, VendorId:0x1002
[2024.10.11-12.55.46:690][  0]LogD3D11RHI:    2. 'Microsoft Basic Render Driver' (Feature Level 11_0)
[2024.10.11-12.55.46:690][  0]LogD3D11RHI:       0/0/32326 MB DedicatedVideo/DedicatedSystem/SharedSystem, Outputs:0, VendorId:0x1414
[2024.10.11-12.55.46:690][  0]LogD3D11RHI: Chosen D3D11 Adapter:
[2024.10.11-12.55.46:690][  0]LogD3D11RHI:     Description : NVIDIA GeForce RTX 4070 Ti SUPER
[2024.10.11-12.55.46:690][  0]LogD3D11RHI:     VendorId    : 10de
[2024.10.11-12.55.46:690][  0]LogD3D11RHI:     DeviceId    : 2705
[2024.10.11-12.55.46:690][  0]LogD3D11RHI:     SubSysId    : 89571043
[2024.10.11-12.55.46:690][  0]LogD3D11RHI:     Revision    : 00a1
[2024.10.11-12.55.46:690][  0]LogD3D11RHI:     DedicatedVideoMemory : 16843276288 bytes
[2024.10.11-12.55.46:690][  0]LogD3D11RHI:     DedicatedSystemMemory : 0 bytes
[2024.10.11-12.55.46:690][  0]LogD3D11RHI:     SharedSystemMemory : 33897033728 bytes
[2024.10.11-12.55.46:690][  0]LogD3D11RHI:     AdapterLuid : 0 82061
[2024.10.11-12.55.46:697][  0]LogD3D11RHI: Creating new Direct3DDevice
[2024.10.11-12.55.46:697][  0]LogD3D11RHI:     GPU DeviceId: 0x2705 (for the marketing name, search the web for "GPU Device Id")
[2024.10.11-12.55.46:697][  0]LogWindows: EnumDisplayDevices:
[2024.10.11-12.55.46:697][  0]LogWindows:    0. 'AMD Radeon(TM) Graphics' (P:1 D:1)
[2024.10.11-12.55.46:697][  0]LogWindows:    1. 'AMD Radeon(TM) Graphics' (P:0 D:0)
[2024.10.11-12.55.46:698][  0]LogWindows:    2. 'AMD Radeon(TM) Graphics' (P:0 D:0)
[2024.10.11-12.55.46:698][  0]LogWindows:    3. 'AMD Radeon(TM) Graphics' (P:0 D:0)
[2024.10.11-12.55.46:698][  0]LogWindows:    4. 'AMD Radeon(TM) Graphics' (P:0 D:0)
[2024.10.11-12.55.46:698][  0]LogWindows:    5. 'NVIDIA GeForce RTX 4070 Ti SUPER' (P:0 D:0)
[2024.10.11-12.55.46:698][  0]LogWindows:    6. 'NVIDIA GeForce RTX 4070 Ti SUPER' (P:0 D:0)
[2024.10.11-12.55.46:698][  0]LogWindows:    7. 'NVIDIA GeForce RTX 4070 Ti SUPER' (P:0 D:0)
[2024.10.11-12.55.46:699][  0]LogWindows:    8. 'NVIDIA GeForce RTX 4070 Ti SUPER' (P:0 D:0)
[2024.10.11-12.55.46:699][  0]LogWindows: DebugString: PrimaryIsNotTheChoosenAdapter PrimaryIsNotTheChoosenAdapter PrimaryIsNotTheChoosenAdapter PrimaryIsNotTheChoosenAdapter PrimaryIsNotTheChoosenAdapter FoundDriverCount:4 
[2024.10.11-12.55.46:699][  0]LogD3D11RHI:     Adapter Name: NVIDIA GeForce RTX 4070 Ti SUPER
[2024.10.11-12.55.46:699][  0]LogD3D11RHI:   Driver Version: 560.94 (internal:32.0.15.6094, unified:560.94)
[2024.10.11-12.55.46:699][  0]LogD3D11RHI:      Driver Date: 8-14-2024
[2024.10.11-12.55.46:699][  0]LogRHI: Texture pool is 11244 MB (70% of 16063 MB)
[2024.10.11-12.55.46:699][  0]LogD3D11RHI: Creating D3DDevice using adapter:
[2024.10.11-12.55.46:699][  0]LogD3D11RHI:     Description : NVIDIA GeForce RTX 4070 Ti SUPER
[2024.10.11-12.55.46:699][  0]LogD3D11RHI:     VendorId    : 10de
[2024.10.11-12.55.46:699][  0]LogD3D11RHI:     DeviceId    : 2705
[2024.10.11-12.55.46:699][  0]LogD3D11RHI:     SubSysId    : 89571043
[2024.10.11-12.55.46:699][  0]LogD3D11RHI:     Revision    : 00a1
[2024.10.11-12.55.46:699][  0]LogD3D11RHI:     DedicatedVideoMemory : 16843276288 bytes
[2024.10.11-12.55.46:699][  0]LogD3D11RHI:     DedicatedSystemMemory : 0 bytes
[2024.10.11-12.55.46:699][  0]LogD3D11RHI:     SharedSystemMemory : 33897033728 bytes
[2024.10.11-12.55.46:699][  0]LogD3D11RHI:     AdapterLuid : 0 82061
[2024.10.11-12.55.46:747][  0]LogD3D11RHI: RHI has support for 64 bit atomics
[2024.10.11-12.55.46:748][  0]LogD3D11RHI: Async texture creation enabled
[2024.10.11-12.55.46:748][  0]LogD3D11RHI: Array index from any shader is supported
[2024.10.11-12.55.46:759][  0]LogD3D11RHI: GPU Timing Frequency: 1000.000000 (Debug: 2 1)
[2024.10.11-12.55.46:783][  0]LogRHI: GeForceNow SDK initialized: 1
[2024.10.11-12.55.46:968][  0]LogTargetPlatformManager: Display: Loaded TargetPlatform 'AllDesktop'
[2024.10.11-12.55.46:982][  0]LogTargetPlatformManager: Display: Loaded TargetPlatform 'Android'
[2024.10.11-12.55.46:982][  0]LogTargetPlatformManager: Display: Loaded TargetPlatform 'Android_ASTC'
[2024.10.11-12.55.46:982][  0]LogTargetPlatformManager: Display: Loaded TargetPlatform 'Android_DXT'
[2024.10.11-12.55.46:982][  0]LogTargetPlatformManager: Display: Loaded TargetPlatform 'Android_ETC2'
[2024.10.11-12.55.46:982][  0]LogTargetPlatformManager: Display: Loaded TargetPlatform 'AndroidClient'
[2024.10.11-12.55.46:982][  0]LogTargetPlatformManager: Display: Loaded TargetPlatform 'Android_ASTCClient'
[2024.10.11-12.55.46:982][  0]LogTargetPlatformManager: Display: Loaded TargetPlatform 'Android_DXTClient'
[2024.10.11-12.55.46:982][  0]LogTargetPlatformManager: Display: Loaded TargetPlatform 'Android_ETC2Client'
[2024.10.11-12.55.46:982][  0]LogTargetPlatformManager: Display: Loaded TargetPlatform 'Android_Multi'
[2024.10.11-12.55.46:982][  0]LogTargetPlatformManager: Display: Loaded TargetPlatform 'Android_MultiClient'
[2024.10.11-12.55.46:994][  0]LogTargetPlatformManager: Display: Loaded TargetPlatform 'IOSClient'
[2024.10.11-12.55.46:994][  0]LogTargetPlatformManager: Display: Loaded TargetPlatform 'IOS'
[2024.10.11-12.55.46:999][  0]LogTargetPlatformManager: Display: Loaded TargetPlatform 'Linux'
[2024.10.11-12.55.47:002][  0]LogTargetPlatformManager: Display: Loaded TargetPlatform 'LinuxNoEditor'
[2024.10.11-12.55.47:005][  0]LogTargetPlatformManager: Display: Loaded TargetPlatform 'LinuxClient'
[2024.10.11-12.55.47:008][  0]LogTargetPlatformManager: Display: Loaded TargetPlatform 'LinuxServer'
[2024.10.11-12.55.47:013][  0]LogTargetPlatformManager: Display: Loaded TargetPlatform 'LinuxAArch64NoEditor'
[2024.10.11-12.55.47:016][  0]LogTargetPlatformManager: Display: Loaded TargetPlatform 'LinuxAArch64Client'
[2024.10.11-12.55.47:019][  0]LogTargetPlatformManager: Display: Loaded TargetPlatform 'LinuxAArch64Server'
[2024.10.11-12.55.47:031][  0]LogTargetPlatformManager: Display: Loaded TargetPlatform 'Lumin'
[2024.10.11-12.55.47:031][  0]LogTargetPlatformManager: Display: Loaded TargetPlatform 'LuminClient'
[2024.10.11-12.55.47:036][  0]LogTargetPlatformManager: Display: Loaded TargetPlatform 'MacNoEditor'
[2024.10.11-12.55.47:038][  0]LogTargetPlatformManager: Display: Loaded TargetPlatform 'Mac'
[2024.10.11-12.55.47:041][  0]LogTargetPlatformManager: Display: Loaded TargetPlatform 'MacClient'
[2024.10.11-12.55.47:044][  0]LogTargetPlatformManager: Display: Loaded TargetPlatform 'MacServer'
[2024.10.11-12.55.47:050][  0]LogTargetPlatformManager: Display: Loaded TargetPlatform 'TVOSClient'
[2024.10.11-12.55.47:050][  0]LogTargetPlatformManager: Display: Loaded TargetPlatform 'TVOS'
[2024.10.11-12.55.47:055][  0]LogTargetPlatformManager: Display: Loaded TargetPlatform 'WindowsNoEditor'
[2024.10.11-12.55.47:057][  0]LogTargetPlatformManager: Display: Loaded TargetPlatform 'Windows'
[2024.10.11-12.55.47:060][  0]LogTargetPlatformManager: Display: Loaded TargetPlatform 'WindowsClient'
[2024.10.11-12.55.47:063][  0]LogTargetPlatformManager: Display: Loaded TargetPlatform 'WindowsServer'
[2024.10.11-12.55.47:063][  0]LogTargetPlatformManager: Display: Building Assets For Windows
[2024.10.11-12.55.47:068][  0]LogAudioDebug: Display: Lib vorbis DLL was dynamically loaded.
[2024.10.11-12.55.47:089][  0]LogTextureFormatOodle: Display: Oodle Texture 2.9.0 init RDO Off
[2024.10.11-12.55.47:111][  0]LogRendererCore: Ray tracing is disabled. Reason: r.RayTracing=0.
[2024.10.11-12.55.47:112][  0]LogShaderCompilers: Guid format shader working directory is 3 characters bigger than the processId version (D:/GitHub/Projects/Other/Blueprint/Rolling/Intermediate/Shaders/WorkingDirectory/54292/).
[2024.10.11-12.55.47:112][  0]LogShaderCompilers: Cleaned the shader compiler working directory 'C:/Users/pasha/AppData/Local/Temp/UnrealShaderWorkingDir/A61DE2CD46B47A3045185986C4A3DDB2/'.
[2024.10.11-12.55.47:112][  0]LogShaderCompilers: Display: Using XGE Controller for Shader Compilation.
[2024.10.11-12.55.47:577][  0]LogDerivedDataCache: Display: Max Cache Size: 512 MB
[2024.10.11-12.55.47:607][  0]LogDerivedDataCache: Loaded boot cache 0.03s 94MB C:/Users/pasha/AppData/Local/UnrealEngine/4.27/DerivedDataCache/Boot.ddc.
[2024.10.11-12.55.47:607][  0]LogDerivedDataCache: Display: Loaded Boot cache: C:/Users/pasha/AppData/Local/UnrealEngine/4.27/DerivedDataCache/Boot.ddc
[2024.10.11-12.55.47:607][  0]LogDerivedDataCache: FDerivedDataBackendGraph:  Pak pak cache file D:/GitHub/Projects/Other/Blueprint/Rolling/DerivedDataCache/DDC.ddp not found, will not use a pak cache.
[2024.10.11-12.55.47:607][  0]LogDerivedDataCache: Unable to find inner node Pak for hierarchical cache Hierarchy.
[2024.10.11-12.55.47:607][  0]LogDerivedDataCache: FDerivedDataBackendGraph:  CompressedPak pak cache file D:/GitHub/Projects/Other/Blueprint/Rolling/DerivedDataCache/Compressed.ddp not found, will not use a pak cache.
[2024.10.11-12.55.47:607][  0]LogDerivedDataCache: Unable to find inner node CompressedPak for hierarchical cache Hierarchy.
[2024.10.11-12.55.47:620][  0]LogDerivedDataCache: Display: Pak cache opened for reading ../../../Engine/DerivedDataCache/Compressed.ddp.
[2024.10.11-12.55.47:620][  0]LogDerivedDataCache: FDerivedDataBackendGraph:  EnterprisePak pak cache file ../../../Enterprise/DerivedDataCache/Compressed.ddp not found, will not use a pak cache.
[2024.10.11-12.55.47:620][  0]LogDerivedDataCache: Unable to find inner node EnterprisePak for hierarchical cache Hierarchy.
[2024.10.11-12.55.47:623][  0]LogDerivedDataCache: Speed tests for C:/Users/pasha/AppData/Local/UnrealEngine/Common/DerivedDataCache took 0.00 seconds
[2024.10.11-12.55.47:623][  0]LogDerivedDataCache: Display: Performance to C:/Users/pasha/AppData/Local/UnrealEngine/Common/DerivedDataCache: Latency=0.01ms. RandomReadSpeed=2263.11MBs, RandomWriteSpeed=320.58MBs. Assigned SpeedClass 'Local'
[2024.10.11-12.55.47:624][  0]LogDerivedDataCache: Using Local data cache path C:/Users/pasha/AppData/Local/UnrealEngine/Common/DerivedDataCache: Writable
[2024.10.11-12.55.47:624][  0]LogDerivedDataCache: Shared data cache path not found in *engine.ini, will not use an Shared cache.
[2024.10.11-12.55.47:624][  0]LogDerivedDataCache: Unable to find inner node Shared for hierarchical cache Hierarchy.
[2024.10.11-12.55.47:652][  0]LogSlate: Using FreeType 2.10.0
[2024.10.11-12.55.47:652][  0]LogSlate: SlateFontServices - WITH_FREETYPE: 1, WITH_HARFBUZZ: 1
[2024.10.11-12.55.47:667][  0]LogAssetRegistry: FAssetRegistry took 0.0018 seconds to start up
[2024.10.11-12.55.47:808][  0]LogInit: Selected Device Profile: [Windows]
[2024.10.11-12.55.47:808][  0]LogInit: Active device profile: [000001D03D1FCD00][000001D0311CF780 49] Windows
[2024.10.11-12.55.47:808][  0]LogInit: Profiles: [000001D03D1FCD00][000001D0311CF780 49] Windows, [000001D03D1CA300][000001D03B2F9900 49] WindowsNoEditor, [000001D03D1FDC00][000001D03B2FDA80 49] WindowsServer, [000001D03D1CB100][000001D03B301C00 49] WindowsClient, [000001D03D1FE900][000001D03B304200 49] IOS, [000001D03D1C9A00][000001D03B308380 49] iPadAir, [000001D03D1FFE00][000001D03B30C500 49] iPadAir2, [000001D03D171000][000001D03D320740 49] IPadPro, [000001D03D171100][000001D03B2F4780 49] iPadAir3, [000001D03D1C8C00][000001D03D3248C0 49] iPadAir4, [000001D03D171D00][000001D03D32CA40 49] iPadMini2, [000001D03D1CB300][000001D03D330BC0 49] iPadMini3, [000001D03D173800][000001D03D334D40 49] iPadMini4, [000001D03D1C9000][000001D03D338EC0 49] iPadMini5, [000001D03D18CA00][000001D03D341180 49] iPhone6, [000001D03D18CB00][000001D03D33D1C0 49] iPodTouch6, [000001D03D1FED00][000001D03D349480 49] iPhone7, [000001D03D1FEE00][000001D03D3454C0 49] iPodTouch7, [000001D03D172300][000001D03D34D640 49] iPhone5S, [000001D03D1FD000][000001D03D3517C0 49] iPhone6Plus, [000001D03D18C100][000001D03D355940 49] iPhone6S, [000001D03D170300][000001D03D359AC0 49] iPhone6SPlus, [000001D03D18E900][000001D03D35C0C0 49] iPhone7Plus, [000001D03D172100][000001D03D360240 49] iPhoneSE, [000001D03D18E700][000001D03D3643C0 49] iPhone8, [000001D03D170700][000001D03D368540 49] iPhone8Plus, [000001D03D18F200][000001D03D36C6C0 49] iPhoneX, [000001D03D1FD500][000001D03D328800 49] iPhoneXS, [000001D03D18EC00][000001D03D370940 49] iPhoneXSMax, [000001D03D1FDA00][000001D03D374A80 49] iPhoneXR, [000001D03D18C600][000001D03D378BC0 49] iPhone11, [000001D03D1FEA00][000001D03D380D40 49] iPhone11Pro, [000001D03D18DB00][000001D03D384EC0 49] iPhone11ProMax, [000001D03D1FCF00][000001D03D389040 49] iPhoneSE2, [000001D03D18FB00][000001D03D38D1C0 49] iPhone12Mini, [000001D03D1FE300][000001D03D391340 49] iPhone12, [000001D03D18CC00][000001D03D3954C0 49] iPhone12Pro, [000001D03D1FFF00][000001D03D399640 49] iPhone12ProMax, [000001D03D18D600][000001D03D39D7C0 49] iPadPro105, [000001D03D1FC900][000001D03D3A1940 49] iPadPro129, [000001D03D18FE00][000001D03D3A5AC0 49] iPadPro97, [000001D03D1FF700][000001D03D3A80C0 49] iPadPro2_129, [000001D03D18ED00][000001D03D3AC240 49] iPad5, [000001D03D1FE100][000001D03D3B03C0 49] iPad6, [000001D03D18D200][000001D03D3B4540 49] iPad7, [000001D03D1FD100][000001D03D3B86C0 49] iPad8, [000001D03D18C400][000001D03D3BC840 49] iPadPro11, [000001D03D1FC700][000001D03D37C980 49] iPadPro2_11, [000001D03D18D700][000001D03D3C0AC0 49] iPadPro3_129, [000001D03D1FF800][000001D03D3C4C00 49] iPadPro4_129, [000001D03D18F300][000001D03D3C8D40 49] AppleTV, [000001D03D1FE600][000001D03D3D0EC0 49] AppleTV4K, [000001D03D18EB00][000001D03D3D5040 49] TVOS, [000001D03D1FCA00][000001D03D3D91C0 49] Mac, [000001D03D18D400][000001D03D3DD340 49] MacClient, [000001D03D1FDD00][000001D03D3E14C0 49] MacNoEditor, [000001D03D18F600][000001D03D3E5640 49] MacServer, [000001D03D1FD200][000001D03D3E97C0 49] Linux, [000001D03D18DD00][000001D03D3ED940 49] LinuxAArch64, [000001D03D1FEB00][000001D03D3F1AC0 49] LinuxNoEditor, [000001D03D18E400][000001D03D3F40C0 49] LinuxAArch64NoEditor, [000001D03D1FC600][000001D03D3F8240 49] LinuxClient, [000001D03D18F800][000001D03D3FC3C0 49] LinuxAArch64Client, [000001D03D1FE700][000001D03D400540 49] LinuxServer, [000001D03D18EA00][000001D03D4046C0 49] LinuxAArch64Server, [000001D03D1FF400][000001D03D408840 49] Android, [000001D03D18F400][000001D03D40C9C0 49] Android_Low, [000001D03D1FD600][000001D03D410B40 49] Android_Mid, [000001D03D18F900][000001D03D3CCC80 49] Android_High, [000001D03D1FFD00][000001D03D414DC0 49] Android_Default, [000001D03D18E600][000001D03D418F00 49] Android_Adreno4xx, [000001D03D1FCE00][000001D03D421080 49] Android_Adreno5xx_Low, [000001D03D18D000][000001D03D425200 49] Android_Adreno5xx, [000001D03D1FD300][000001D03D429380 49] Android_Adreno6xx, [000001D03D1C8500][000001D03D42D500 49] Android_Adreno6xx_Vulkan, [000001D03D172000][000001D03D431680 49] Android_Mali_T6xx, [000001D03D1C8600][000001D03D435800 49] Android_Mali_T7xx, [000001D03D170100][000001D03D439980 49] Android_Mali_T8xx, [000001D03D1C8100][000001D03D43DB00 49] Android_Mali_G71, [000001D03D173300][000001D03D440100 49] Android_Mali_G72, [000001D03D1C9500][000001D03D444280 49] Android_Mali_G72_Vulkan, [000001D03D171700][000001D03D448400 49] Android_Mali_G76, [000001D03D1CB800][000001D03D44C580 49] Android_Mali_G76_Vulkan, [000001D03D172900][000001D03D450700 49] Android_Mali_G77, [000001D03D1CBC00][000001D03D454880 49] Android_Mali_G77_Vulkan, [000001D03D171500][000001D03D458A00 49] Android_Mali_G78, [000001D03D1CA200][000001D03D45CB80 49] Android_Mali_G78_Vulkan, [000001D03D170400][000001D03D460D00 49] Android_Mali_G710, [000001D03D1C8300][000001D03D41CE40 49] Android_Mali_G710_Vulkan, [000001D03D170200][000001D03D464F80 49] Android_Vulkan_SM5, [000001D03D1C8700][000001D03D4690C0 49] Android_PowerVR_G6xxx, [000001D03D172400][000001D03D471240 49] Android_PowerVR_GT7xxx, [000001D03D1CA800][000001D03D4753C0 49] Android_PowerVR_GE8xxx, [000001D03D171400][000001D03D479540 49] Android_PowerVR_GM9xxx, [000001D03D1C8200][000001D03D47D6C0 49] Android_PowerVR_GM9xxx_Vulkan, [000001D03D172600][000001D03D481840 49] Android_TegraK1, [000001D03D1CBA00][000001D03D4859C0 49] Android_Unknown_Vulkan, [000001D03D173B00][000001D03D489B40 49] Lumin, [000001D03D1CBF00][000001D03D48C140 49] Lumin_Desktop, [000001D03D170B00][000001D03D4902C0 49] HoloLens, 
[2024.10.11-12.55.47:891][  0]LogPackageName: Warning: Asset path "StaticMesh'FX_Meshes.Fire.SM_Dungeon_Pipes_Lava01_Cool'" is in short form, which is unsupported and -- even if valid -- resolving it will be really slow.
[2024.10.11-12.55.47:891][  0]LogPackageName: Warning: Please consider resaving package in order to speed-up loading.
[2024.10.11-12.55.47:891][  0]LogPackageName: Warning: Asset path "FX_Test_LAN.Meshes.SM_IceWall01" is in short form, which is unsupported and -- even if valid -- resolving it will be really slow.
[2024.10.11-12.55.47:891][  0]LogPackageName: Warning: Please consider resaving package in order to speed-up loading.
[2024.10.11-12.55.47:891][  0]LogPackageName: Warning: Asset path "m_FogSheet_02" is in short form, which is unsupported and -- even if valid -- resolving it will be really slow.
[2024.10.11-12.55.47:891][  0]LogPackageName: Warning: Please consider resaving package in order to speed-up loading.
[2024.10.11-12.55.47:891][  0]LogPackageName: SearchForPackageOnDisk took   0.064s to resolve m_FogSheet_02.
[2024.10.11-12.55.47:891][  0]LogPackageName: SearchForPackageOnDisk took   0.076s, but failed to resolve FX_Test_LAN.
[2024.10.11-12.55.47:891][  0]LogPackageName: Warning: Asset path "FX_Test_LAN.Meshes.SM_IceWall01" could not be resolved.
[2024.10.11-12.55.47:891][  0]LogMeshReduction: Using QuadricMeshReduction for automatic static mesh reduction
[2024.10.11-12.55.47:891][  0]LogMeshReduction: Using SimplygonMeshReduction for automatic skeletal mesh reduction
[2024.10.11-12.55.47:891][  0]LogMeshReduction: Using ProxyLODMeshReduction for automatic mesh merging
[2024.10.11-12.55.47:891][  0]LogMeshReduction: No distributed automatic mesh merging module available
[2024.10.11-12.55.47:891][  0]LogMeshMerging: No distributed automatic mesh merging module available
[2024.10.11-12.55.47:901][  0]LogPackageName: SearchForPackageOnDisk took   0.081s, but failed to resolve StaticMesh'FX_Meshes.
[2024.10.11-12.55.47:901][  0]LogPackageName: Warning: Asset path "StaticMesh'FX_Meshes.Fire.SM_Dungeon_Pipes_Lava01_Cool'" could not be resolved.
[2024.10.11-12.55.47:901][  0]LogPackageName: Warning: Asset path "m_FogSheet_02" is in short form, which is unsupported and -- even if valid -- resolving it will be really slow.
[2024.10.11-12.55.47:901][  0]LogPackageName: Warning: Please consider resaving package in order to speed-up loading.
[2024.10.11-12.55.47:901][  0]LogPackageName: Warning: Asset path "m_FogSheet_02" is in short form, which is unsupported and -- even if valid -- resolving it will be really slow.
[2024.10.11-12.55.47:901][  0]LogPackageName: Warning: Please consider resaving package in order to speed-up loading.
[2024.10.11-12.55.47:901][  0]LogPackageName: Warning: Asset path "m_FogSheet_02" is in short form, which is unsupported and -- even if valid -- resolving it will be really slow.
[2024.10.11-12.55.47:901][  0]LogPackageName: Warning: Please consider resaving package in order to speed-up loading.
[2024.10.11-12.55.47:901][  0]LogNetVersion: Rolling 1.0.0, NetCL: 17155196, EngineNetVer: 17, GameNetVer: 0 (Checksum: 1616181554)
[2024.10.11-12.55.48:127][  0]LogPackageName: SearchForPackageOnDisk took   0.059s to resolve m_FogSheet_02.
[2024.10.11-12.55.48:127][  0]LogPackageName: SearchForPackageOnDisk took   0.063s to resolve m_FogSheet_02.
[2024.10.11-12.55.48:127][  0]LogPackageName: SearchForPackageOnDisk took   0.063s to resolve m_FogSheet_02.
[2024.10.11-12.55.48:127][  0]LogPackageName: Warning: Asset path "S_Survival_CA_Chicken_02.SM.S_Survival_CA_Chicken_02" is in short form, which is unsupported and -- even if valid -- resolving it will be really slow.
[2024.10.11-12.55.48:127][  0]LogPackageName: Warning: Please consider resaving package in order to speed-up loading.
[2024.10.11-12.55.48:127][  0]LogPackageName: Warning: Asset path "JW_Ice_Mountain.Mesh.SM_SnowBoulder" is in short form, which is unsupported and -- even if valid -- resolving it will be really slow.
[2024.10.11-12.55.48:127][  0]LogPackageName: Warning: Please consider resaving package in order to speed-up loading.
[2024.10.11-12.55.48:127][  0]LogPackageName: SearchForPackageOnDisk took   0.070s to resolve S_Survival_CA_Chicken_02.
[2024.10.11-12.55.48:127][  0]LogPackageName: SearchForPackageOnDisk took   0.086s, but failed to resolve JW_Ice_Mountain.
[2024.10.11-12.55.48:127][  0]LogPackageName: Warning: Asset path "JW_Ice_Mountain.Mesh.SM_SnowBoulder" could not be resolved.
[2024.10.11-12.55.48:127][  0]LogPackageName: Warning: Asset path "Env_ALL_Artifacts.Mesh.Env_ALL_Terminus001" is in short form, which is unsupported and -- even if valid -- resolving it will be really slow.
[2024.10.11-12.55.48:127][  0]LogPackageName: Warning: Asset path "JW_Ice_Mountain.Mesh.SM_SnowBoulder" is in short form, which is unsupported and -- even if valid -- resolving it will be really slow.
[2024.10.11-12.55.48:127][  0]LogPackageName: Warning: Please consider resaving package in order to speed-up loading.
[2024.10.11-12.55.48:127][  0]LogPackageName: Warning: Please consider resaving package in order to speed-up loading.
[2024.10.11-12.55.48:127][  0]LogTexture: Default maximum texture size for cubemaps generated from long-lat sources has been changed from 512 to unlimited. In order to preserve old behaiour for '/Engine/MapTemplates/Sky/DaylightAmbientCubemap.DaylightAmbientCubemap', its maximum texture size has been explicitly set to 512.
[2024.10.11-12.55.48:161][  0]LogPackageName: SearchForPackageOnDisk took   0.076s, but failed to resolve Env_ALL_Artifacts.
[2024.10.11-12.55.48:161][  0]LogPackageName: Warning: Asset path "Env_ALL_Artifacts.Mesh.Env_ALL_Terminus001" could not be resolved.
[2024.10.11-12.55.48:161][  0]LogPackageName: SearchForPackageOnDisk took   0.080s, but failed to resolve JW_Ice_Mountain.
[2024.10.11-12.55.48:161][  0]LogPackageName: Warning: Asset path "JW_Ice_Mountain.Mesh.SM_SnowBoulder" could not be resolved.
[2024.10.11-12.55.48:161][  0]LogHMD: PokeAHoleMaterial loaded successfully
[2024.10.11-12.55.48:165][  0]LogUObjectArray: 17178 objects as part of root set at end of initial load.
[2024.10.11-12.55.48:165][  0]LogUObjectAllocator: 4302048 out of 0 bytes used by permanent object pool.
[2024.10.11-12.55.48:165][  0]LogUObjectArray: CloseDisregardForGC: 0/0 objects in disregard for GC pool
[2024.10.11-12.55.48:324][  0]LogNiagaraDebuggerClient: Niagara Debugger Client Initialized | Session: 067DA3264E57B8ADCD5DE78F3AE83C36 | Instance: BDAF474F4E9A39C6D08170836DA67F0D (PASHA-54292).
[2024.10.11-12.55.48:393][  0]LogUdpMessaging: Initializing bridge on interface 0.0.0.0:0 to multicast group 230.0.0.1:6666.
[2024.10.11-12.55.48:397][  0]LogTcpMessaging: Initializing TcpMessaging bridge
[2024.10.11-12.55.48:403][  0]LogPython: Using Python 3.7.7
[2024.10.11-12.55.48:914][  0]LogOpenImageDenoise: OIDN starting up
[2024.10.11-12.55.48:922][  0]LogAndroidPermission: UAndroidPermissionCallbackProxy::GetInstance
[2024.10.11-12.55.48:941][  0]LogAudioCaptureCore: Display: No Audio Capture implementations found. Audio input will be silent.
[2024.10.11-12.55.48:941][  0]LogAudioCaptureCore: Display: No Audio Capture implementations found. Audio input will be silent.
[2024.10.11-12.55.49:007][  0]SourceControl: Source control is disabled
[2024.10.11-12.55.49:007][  0]SourceControl: Source control is disabled
[2024.10.11-12.55.49:009][  0]SourceControl: Source control is disabled
[2024.10.11-12.55.49:011][  0]SourceControl: Source control is disabled
[2024.10.11-12.55.49:017][  0]SourceControl: Source control is disabled
[2024.10.11-12.55.49:021][  0]LogUProjectInfo: Found projects:
[2024.10.11-12.55.49:031][  0]LogCollectionManager: Loaded 0 collections in 0.001013 seconds
[2024.10.11-12.55.49:046][  0]LogFileCache: Scanning file cache for directory 'D:/GitHub/Projects/Other/Blueprint/Rolling/Saved/Collections/' took 0.00s
[2024.10.11-12.55.49:046][  0]LogFileCache: Scanning file cache for directory 'D:/GitHub/Projects/Other/Blueprint/Rolling/Content/Developers/pasha/Collections/' took 0.00s
[2024.10.11-12.55.49:046][  0]LogFileCache: Scanning file cache for directory 'D:/GitHub/Projects/Other/Blueprint/Rolling/Content/Collections/' took 0.00s
[2024.10.11-12.55.49:046][  0]LogOcInput: OculusInput pre-init called
[2024.10.11-12.55.49:185][  0]LogEngine: Initializing Engine...
[2024.10.11-12.55.49:186][  0]LogHMD: Failed to enumerate extensions. Please check that you have a valid OpenXR runtime installed.
[2024.10.11-12.55.49:186][  0]LogHMD: Failed to initialize OpenVR with code 110
[2024.10.11-12.55.49:186][  0]LogMagicLeap: Warning: VR disabled because ZI is not enabled.  To enable, in the editor, Edit -> Project Settings -> Plugins -> Magic Leap Plugin -> Enable Zero Iteration
[2024.10.11-12.55.49:187][  0]LogStats: UGameplayTagsManager::InitializeManager -  0.000 s
[2024.10.11-12.55.49:251][  0]LogInit: Initializing FReadOnlyCVARCache
[2024.10.11-12.55.49:257][  0]LogAIModule: Creating AISystem for world Untitled
[2024.10.11-12.55.49:260][  0]LogAudio: Display: Initializing Audio Device Manager...
[2024.10.11-12.55.49:262][  0]LogAudio: Display: Loading Default Audio Settings Objects...
[2024.10.11-12.55.49:263][  0]LogAudio: Display: No default SoundConcurrencyObject specified (or failed to load).
[2024.10.11-12.55.49:263][  0]LogAudio: Display: Audio Device Manager Initialized
[2024.10.11-12.55.49:263][  0]LogAudio: Display: Creating Audio Device:                 Id: 1, Scope: Shared, Realtime: True
[2024.10.11-12.55.49:263][  0]LogAudioMixer: Display: Audio Mixer Platform Settings:
[2024.10.11-12.55.49:263][  0]LogAudioMixer: Display: 	Sample Rate:						  48000
[2024.10.11-12.55.49:263][  0]LogAudioMixer: Display: 	Callback Buffer Frame Size Requested: 1024
[2024.10.11-12.55.49:263][  0]LogAudioMixer: Display: 	Callback Buffer Frame Size To Use:	  1024
[2024.10.11-12.55.49:263][  0]LogAudioMixer: Display: 	Number of buffers to queue:			  2
[2024.10.11-12.55.49:263][  0]LogAudioMixer: Display: 	Max Channels (voices):				  32
[2024.10.11-12.55.49:263][  0]LogAudioMixer: Display: 	Number of Async Source Workers:		  0
[2024.10.11-12.55.49:263][  0]LogAudio: Display: AudioDevice MaxSources: 32
[2024.10.11-12.55.49:263][  0]LogAudio: Display: Audio Spatialization Plugin: None (built-in).
[2024.10.11-12.55.49:263][  0]LogAudio: Display: Audio Reverb Plugin: None (built-in).
[2024.10.11-12.55.49:263][  0]LogAudio: Display: Audio Occlusion Plugin: None (built-in).
[2024.10.11-12.55.49:263][  0]LogAudioMixer: Display: Initializing audio mixer.
[2024.10.11-12.55.49:272][  0]LogAudioMixer: Display: 0: FrontLeft
[2024.10.11-12.55.49:272][  0]LogAudioMixer: Display: 1: FrontRight
[2024.10.11-12.55.49:290][  0]LogAudioMixer: Display: Using Audio Device 1 - ASUS VG34V (AMD High Definition Audio Device)
[2024.10.11-12.55.49:290][  0]LogAudioMixer: Display: Initializing Sound Submixes...
[2024.10.11-12.55.49:292][  0]LogAudioMixer: Display: Creating Master Submix 'MasterSubmixDefault'
[2024.10.11-12.55.49:292][  0]LogAudioMixer: Display: Creating Master Submix 'MasterReverbSubmixDefault'
[2024.10.11-12.55.49:292][  0]LogAudioMixer: Display: Creating Master Submix 'MasterEQSubmixDefault'
[2024.10.11-12.55.49:292][  0]LogAudioMixer: FMixerPlatformXAudio2::StartAudioStream() called
[2024.10.11-12.55.49:292][  0]LogAudioMixer: Display: Output buffers initialized: Frames=1024, Channels=2, Samples=2048
[2024.10.11-12.55.49:293][  0]LogAudioMixer: Display: Starting AudioMixerPlatformInterface::RunInternal()
[2024.10.11-12.55.49:293][  0]LogAudioMixer: Display: FMixerPlatformXAudio2::SubmitBuffer() called for the first time
[2024.10.11-12.55.49:293][  0]LogInit: FAudioDevice initialized.
[2024.10.11-12.55.49:293][  0]LogAudio: Display: Audio Device (ID: 1) registered with world 'Untitled'.
[2024.10.11-12.55.49:293][  0]LogNetVersion: Set ProjectVersion to 1.0.0.0. Version Checksum will be recalculated on next use.
[2024.10.11-12.55.49:325][  0]LogDerivedDataCache: Saved boot cache 0.03s 94MB C:/Users/pasha/AppData/Local/UnrealEngine/4.27/DerivedDataCache/Boot.ddc.
[2024.10.11-12.55.49:326][  0]LogInit: Texture streaming: Enabled
[2024.10.11-12.55.49:333][  0]LogAnalytics: Display: [UEEditor.Rocket.Release] APIServer = https://datarouter.ol.epicgames.com/. AppVersion = 4.27.2-18319896+++UE4+Release-4.27
[2024.10.11-12.55.49:338][  0]LogEngineSessionManager: EngineSessionManager initialized
[2024.10.11-12.55.49:338][  0]LogEditorSessionSummary: Verbose: Initializing EditorSessionSummaryWriter for editor session tracking
[2024.10.11-12.55.49:346][  0]LogEditorSessionSummary: EditorSessionSummaryWriter initialized
[2024.10.11-12.55.49:365][  0]LogInit: Transaction tracking system initialized
[2024.10.11-12.55.49:378][  0]BlueprintLog: New page: Editor Load
[2024.10.11-12.55.49:414][  0]LocalizationService: Localization service is disabled
[2024.10.11-12.55.49:428][  0]TimingProfiler: Initialize
[2024.10.11-12.55.49:428][  0]TimingProfiler: OnSessionChanged
[2024.10.11-12.55.49:428][  0]LoadingProfiler: Initialize
[2024.10.11-12.55.49:428][  0]LoadingProfiler: OnSessionChanged
[2024.10.11-12.55.49:428][  0]NetworkingProfiler: Initialize
[2024.10.11-12.55.49:428][  0]NetworkingProfiler: OnSessionChanged
[2024.10.11-12.55.49:428][  0]MemoryProfiler: Initialize
[2024.10.11-12.55.49:428][  0]MemoryProfiler: OnSessionChanged
[2024.10.11-12.55.49:509][  0]LogCook: Display: CookSettings for Memory: MemoryMaxUsedVirtual 0MiB, MemoryMaxUsedPhysical 16384MiB, MemoryMinFreeVirtual 0MiB, MemoryMinFreePhysical 1024MiB
[2024.10.11-12.55.49:509][  0]LogCook: Display: Mobile HDR setting 1
[2024.10.11-12.55.49:618][  0]LogFileCache: Scanning file cache for directory 'D:/GitHub/Projects/Other/Blueprint/Rolling/Content/' took 0.01s
[2024.10.11-12.55.49:721][  0]LogInit: Display: Engine is initialized. Leaving FEngineLoop::Init()
[2024.10.11-12.55.49:727][  0]SourceControl: Source control is disabled
[2024.10.11-12.55.49:727][  0]LogUnrealEdMisc: Loading editor; pre map load, took 4.068
[2024.10.11-12.55.49:727][  0]Cmd: MAP LOAD FILE="D:/GitHub/Projects/Other/Blueprint/Rolling/Content/Maps/Level1.umap" TEMPLATE=0 SHOWPROGRESS=1 FEATURELEVEL=3
[2024.10.11-12.55.49:727][  0]LightingResults: New page: Lighting Build
[2024.10.11-12.55.49:728][  0]LogWorld: UWorld::CleanupWorld for Untitled, bSessionEnded=true, bCleanupResources=true
[2024.10.11-12.55.49:728][  0]LogSlate: InvalidateAllWidgets triggered.  All widgets were invalidated
[2024.10.11-12.55.49:728][  0]MapCheck: New page: Map Check
[2024.10.11-12.55.49:728][  0]LightingResults: New page: Lighting Build
[2024.10.11-12.55.49:736][  0]LogAudio: Display: Audio Device unregistered from world 'None'.
[2024.10.11-12.55.49:737][  0]LogUObjectHash: Compacting FUObjectHashTables data took   0.51ms
[2024.10.11-12.55.49:837][  0]LogAudio: Display: Audio Device (ID: 1) registered with world 'Level1'.
[2024.10.11-12.55.49:837][  0]LogAIModule: Creating AISystem for world Level1
[2024.10.11-12.55.49:841][  0]LogEditorServer: Finished looking for orphan Actors (0.000 secs)
[2024.10.11-12.55.49:854][  0]LogUObjectHash: Compacting FUObjectHashTables data took   0.55ms
[2024.10.11-12.55.49:854][  0]Cmd: MAP CHECKDEP NOCLEARLOG
[2024.10.11-12.55.49:854][  0]MapCheck: Map check complete: 0 Error(s), 0 Warning(s), took 0.047ms to complete.
[2024.10.11-12.55.49:854][  0]LogFileHelpers: Loading map 'Level1' took 0.127
[2024.10.11-12.55.49:855][  0]LogUnrealEdMisc: Total Editor Startup Time, took 4.197
[2024.10.11-12.55.49:945][  0]LogSlate: Updating window title bar state: overlay mode, drag disabled, window buttons hidden, title bar hidden
[2024.10.11-12.55.49:949][  0]LogSlate: Updating window title bar state: overlay mode, drag disabled, window buttons hidden, title bar hidden
[2024.10.11-12.55.49:952][  0]LogSlate: Updating window title bar state: overlay mode, drag disabled, window buttons hidden, title bar hidden
[2024.10.11-12.55.49:955][  0]LogSlate: Updating window title bar state: overlay mode, drag disabled, window buttons hidden, title bar hidden
[2024.10.11-12.55.49:968][  0]LogNativeClassHierarchy: Verbose: Native class hierarchy populated in 0.0067 seconds. Added 3822 classes and 928 folders.
[2024.10.11-12.55.49:969][  0]LogNativeClassHierarchy: Verbose: Native class hierarchy updated for 'WidgetCarousel' in 0.0001 seconds. Added 0 classes and 0 folders.
[2024.10.11-12.55.49:970][  0]LogPakFile: PakFile PrimaryIndexSize=187
[2024.10.11-12.55.49:970][  0]LogPakFile: PakFile PathHashIndexSize=101
[2024.10.11-12.55.49:970][  0]LogPakFile: PakFile FullDirectoryIndexSize=148
[2024.10.11-12.55.49:970][  0]LogShaderLibrary: Display: ShaderCodeLibraryPakFileMountedCallback: PakFile 'C:/Program Files/Epic Games/UE_4.27/FeaturePacks/FP_FirstPerson.upack' (chunk index -1, root 'root:/') mounted
[2024.10.11-12.55.49:970][  0]LogShaderLibrary: Display: ShaderCodeLibraryPakFileMountedCallback: pending pak file info (ChunkID:-1 Root:root:/ File:C:/Program Files/Epic Games/UE_4.27/FeaturePacks/FP_FirstPerson.upack)
[2024.10.11-12.55.49:970][  0]LogPakFile: OnPakFileMounted2Time == 0.000042
[2024.10.11-12.55.49:970][  0]LogPakFile: PakFile PrimaryIndexSize=189
[2024.10.11-12.55.49:970][  0]LogPakFile: PakFile PathHashIndexSize=101
[2024.10.11-12.55.49:970][  0]LogPakFile: PakFile FullDirectoryIndexSize=152
[2024.10.11-12.55.49:970][  0]LogShaderLibrary: Display: ShaderCodeLibraryPakFileMountedCallback: PakFile 'C:/Program Files/Epic Games/UE_4.27/FeaturePacks/FP_FirstPersonBP.upack' (chunk index -1, root 'root:/') mounted
[2024.10.11-12.55.49:970][  0]LogShaderLibrary: Display: ShaderCodeLibraryPakFileMountedCallback: pending pak file info (ChunkID:-1 Root:root:/ File:C:/Program Files/Epic Games/UE_4.27/FeaturePacks/FP_FirstPersonBP.upack)
[2024.10.11-12.55.49:970][  0]LogPakFile: OnPakFileMounted2Time == 0.000027
[2024.10.11-12.55.49:971][  0]LogPakFile: PakFile PrimaryIndexSize=191
[2024.10.11-12.55.49:971][  0]LogPakFile: PakFile PathHashIndexSize=101
[2024.10.11-12.55.49:971][  0]LogPakFile: PakFile FullDirectoryIndexSize=160
[2024.10.11-12.55.49:971][  0]LogShaderLibrary: Display: ShaderCodeLibraryPakFileMountedCallback: PakFile 'C:/Program Files/Epic Games/UE_4.27/FeaturePacks/MobileStarterContent.upack' (chunk index -1, root 'root:/') mounted
[2024.10.11-12.55.49:971][  0]LogShaderLibrary: Display: ShaderCodeLibraryPakFileMountedCallback: pending pak file info (ChunkID:-1 Root:root:/ File:C:/Program Files/Epic Games/UE_4.27/FeaturePacks/MobileStarterContent.upack)
[2024.10.11-12.55.49:971][  0]LogPakFile: OnPakFileMounted2Time == 0.000024
[2024.10.11-12.55.49:971][  0]LogPakFile: PakFile PrimaryIndexSize=185
[2024.10.11-12.55.49:971][  0]LogPakFile: PakFile PathHashIndexSize=101
[2024.10.11-12.55.49:971][  0]LogPakFile: PakFile FullDirectoryIndexSize=148
[2024.10.11-12.55.49:971][  0]LogShaderLibrary: Display: ShaderCodeLibraryPakFileMountedCallback: PakFile 'C:/Program Files/Epic Games/UE_4.27/FeaturePacks/StarterContent.upack' (chunk index -1, root 'root:/') mounted
[2024.10.11-12.55.49:971][  0]LogShaderLibrary: Display: ShaderCodeLibraryPakFileMountedCallback: pending pak file info (ChunkID:-1 Root:root:/ File:C:/Program Files/Epic Games/UE_4.27/FeaturePacks/StarterContent.upack)
[2024.10.11-12.55.49:971][  0]LogPakFile: OnPakFileMounted2Time == 0.000025
[2024.10.11-12.55.49:971][  0]LogPakFile: PakFile PrimaryIndexSize=190
[2024.10.11-12.55.49:971][  0]LogPakFile: PakFile PathHashIndexSize=101
[2024.10.11-12.55.49:971][  0]LogPakFile: PakFile FullDirectoryIndexSize=154
[2024.10.11-12.55.49:971][  0]LogShaderLibrary: Display: ShaderCodeLibraryPakFileMountedCallback: PakFile 'C:/Program Files/Epic Games/UE_4.27/FeaturePacks/TP_2DSideScroller.upack' (chunk index -1, root 'root:/') mounted
[2024.10.11-12.55.49:971][  0]LogShaderLibrary: Display: ShaderCodeLibraryPakFileMountedCallback: pending pak file info (ChunkID:-1 Root:root:/ File:C:/Program Files/Epic Games/UE_4.27/FeaturePacks/TP_2DSideScroller.upack)
[2024.10.11-12.55.49:971][  0]LogPakFile: OnPakFileMounted2Time == 0.000025
[2024.10.11-12.55.49:971][  0]LogPakFile: PakFile PrimaryIndexSize=192
[2024.10.11-12.55.49:971][  0]LogPakFile: PakFile PathHashIndexSize=101
[2024.10.11-12.55.49:971][  0]LogPakFile: PakFile FullDirectoryIndexSize=158
[2024.10.11-12.55.49:971][  0]LogShaderLibrary: Display: ShaderCodeLibraryPakFileMountedCallback: PakFile 'C:/Program Files/Epic Games/UE_4.27/FeaturePacks/TP_2DSideScrollerBP.upack' (chunk index -1, root 'root:/') mounted
[2024.10.11-12.55.49:971][  0]LogShaderLibrary: Display: ShaderCodeLibraryPakFileMountedCallback: pending pak file info (ChunkID:-1 Root:root:/ File:C:/Program Files/Epic Games/UE_4.27/FeaturePacks/TP_2DSideScrollerBP.upack)
[2024.10.11-12.55.49:971][  0]LogPakFile: OnPakFileMounted2Time == 0.000025
[2024.10.11-12.55.49:972][  0]LogPakFile: PakFile PrimaryIndexSize=182
[2024.10.11-12.55.49:972][  0]LogPakFile: PakFile PathHashIndexSize=101
[2024.10.11-12.55.49:972][  0]LogPakFile: PakFile FullDirectoryIndexSize=138
[2024.10.11-12.55.49:972][  0]LogShaderLibrary: Display: ShaderCodeLibraryPakFileMountedCallback: PakFile 'C:/Program Files/Epic Games/UE_4.27/FeaturePacks/TP_Flying.upack' (chunk index -1, root 'root:/') mounted
[2024.10.11-12.55.49:972][  0]LogShaderLibrary: Display: ShaderCodeLibraryPakFileMountedCallback: pending pak file info (ChunkID:-1 Root:root:/ File:C:/Program Files/Epic Games/UE_4.27/FeaturePacks/TP_Flying.upack)
[2024.10.11-12.55.49:972][  0]LogPakFile: OnPakFileMounted2Time == 0.000023
[2024.10.11-12.55.49:972][  0]LogPakFile: PakFile PrimaryIndexSize=184
[2024.10.11-12.55.49:972][  0]LogPakFile: PakFile PathHashIndexSize=101
[2024.10.11-12.55.49:972][  0]LogPakFile: PakFile FullDirectoryIndexSize=142
[2024.10.11-12.55.49:972][  0]LogShaderLibrary: Display: ShaderCodeLibraryPakFileMountedCallback: PakFile 'C:/Program Files/Epic Games/UE_4.27/FeaturePacks/TP_FlyingBP.upack' (chunk index -1, root 'root:/') mounted
[2024.10.11-12.55.49:972][  0]LogShaderLibrary: Display: ShaderCodeLibraryPakFileMountedCallback: pending pak file info (ChunkID:-1 Root:root:/ File:C:/Program Files/Epic Games/UE_4.27/FeaturePacks/TP_FlyingBP.upack)
[2024.10.11-12.55.49:972][  0]LogPakFile: OnPakFileMounted2Time == 0.000023
[2024.10.11-12.55.49:972][  0]LogPakFile: PakFile PrimaryIndexSize=188
[2024.10.11-12.55.49:972][  0]LogPakFile: PakFile PathHashIndexSize=101
[2024.10.11-12.55.49:972][  0]LogPakFile: PakFile FullDirectoryIndexSize=150
[2024.10.11-12.55.49:972][  0]LogShaderLibrary: Display: ShaderCodeLibraryPakFileMountedCallback: PakFile 'C:/Program Files/Epic Games/UE_4.27/FeaturePacks/TP_HandheldARBP.upack' (chunk index -1, root 'root:/') mounted
[2024.10.11-12.55.49:972][  0]LogShaderLibrary: Display: ShaderCodeLibraryPakFileMountedCallback: pending pak file info (ChunkID:-1 Root:root:/ File:C:/Program Files/Epic Games/UE_4.27/FeaturePacks/TP_HandheldARBP.upack)
[2024.10.11-12.55.49:972][  0]LogPakFile: OnPakFileMounted2Time == 0.000026
[2024.10.11-12.55.49:973][  0]LogPakFile: PakFile PrimaryIndexSize=182
[2024.10.11-12.55.49:973][  0]LogPakFile: PakFile PathHashIndexSize=101
[2024.10.11-12.55.49:973][  0]LogPakFile: PakFile FullDirectoryIndexSize=138
[2024.10.11-12.55.49:973][  0]LogShaderLibrary: Display: ShaderCodeLibraryPakFileMountedCallback: PakFile 'C:/Program Files/Epic Games/UE_4.27/FeaturePacks/TP_Puzzle.upack' (chunk index -1, root 'root:/') mounted
[2024.10.11-12.55.49:973][  0]LogShaderLibrary: Display: ShaderCodeLibraryPakFileMountedCallback: pending pak file info (ChunkID:-1 Root:root:/ File:C:/Program Files/Epic Games/UE_4.27/FeaturePacks/TP_Puzzle.upack)
[2024.10.11-12.55.49:973][  0]LogPakFile: OnPakFileMounted2Time == 0.000032
[2024.10.11-12.55.49:973][  0]LogPakFile: PakFile PrimaryIndexSize=184
[2024.10.11-12.55.49:973][  0]LogPakFile: PakFile PathHashIndexSize=101
[2024.10.11-12.55.49:973][  0]LogPakFile: PakFile FullDirectoryIndexSize=142
[2024.10.11-12.55.49:973][  0]LogShaderLibrary: Display: ShaderCodeLibraryPakFileMountedCallback: PakFile 'C:/Program Files/Epic Games/UE_4.27/FeaturePacks/TP_PuzzleBP.upack' (chunk index -1, root 'root:/') mounted
[2024.10.11-12.55.49:973][  0]LogShaderLibrary: Display: ShaderCodeLibraryPakFileMountedCallback: pending pak file info (ChunkID:-1 Root:root:/ File:C:/Program Files/Epic Games/UE_4.27/FeaturePacks/TP_PuzzleBP.upack)
[2024.10.11-12.55.49:973][  0]LogPakFile: OnPakFileMounted2Time == 0.000027
[2024.10.11-12.55.49:973][  0]LogPakFile: PakFile PrimaryIndexSize=183
[2024.10.11-12.55.49:973][  0]LogPakFile: PakFile PathHashIndexSize=101
[2024.10.11-12.55.49:973][  0]LogPakFile: PakFile FullDirectoryIndexSize=140
[2024.10.11-12.55.49:973][  0]LogShaderLibrary: Display: ShaderCodeLibraryPakFileMountedCallback: PakFile 'C:/Program Files/Epic Games/UE_4.27/FeaturePacks/TP_Rolling.upack' (chunk index -1, root 'root:/') mounted
[2024.10.11-12.55.49:973][  0]LogShaderLibrary: Display: ShaderCodeLibraryPakFileMountedCallback: pending pak file info (ChunkID:-1 Root:root:/ File:C:/Program Files/Epic Games/UE_4.27/FeaturePacks/TP_Rolling.upack)
[2024.10.11-12.55.49:973][  0]LogPakFile: OnPakFileMounted2Time == 0.000025
[2024.10.11-12.55.49:974][  0]LogPakFile: PakFile PrimaryIndexSize=185
[2024.10.11-12.55.49:974][  0]LogPakFile: PakFile PathHashIndexSize=101
[2024.10.11-12.55.49:974][  0]LogPakFile: PakFile FullDirectoryIndexSize=144
[2024.10.11-12.55.49:974][  0]LogShaderLibrary: Display: ShaderCodeLibraryPakFileMountedCallback: PakFile 'C:/Program Files/Epic Games/UE_4.27/FeaturePacks/TP_RollingBP.upack' (chunk index -1, root 'root:/') mounted
[2024.10.11-12.55.49:974][  0]LogShaderLibrary: Display: ShaderCodeLibraryPakFileMountedCallback: pending pak file info (ChunkID:-1 Root:root:/ File:C:/Program Files/Epic Games/UE_4.27/FeaturePacks/TP_RollingBP.upack)
[2024.10.11-12.55.49:974][  0]LogPakFile: OnPakFileMounted2Time == 0.000025
[2024.10.11-12.55.49:974][  0]LogPakFile: PakFile PrimaryIndexSize=188
[2024.10.11-12.55.49:974][  0]LogPakFile: PakFile PathHashIndexSize=101
[2024.10.11-12.55.49:974][  0]LogPakFile: PakFile FullDirectoryIndexSize=150
[2024.10.11-12.55.49:974][  0]LogShaderLibrary: Display: ShaderCodeLibraryPakFileMountedCallback: PakFile 'C:/Program Files/Epic Games/UE_4.27/FeaturePacks/TP_SideScroller.upack' (chunk index -1, root 'root:/') mounted
[2024.10.11-12.55.49:974][  0]LogShaderLibrary: Display: ShaderCodeLibraryPakFileMountedCallback: pending pak file info (ChunkID:-1 Root:root:/ File:C:/Program Files/Epic Games/UE_4.27/FeaturePacks/TP_SideScroller.upack)
[2024.10.11-12.55.49:974][  0]LogPakFile: OnPakFileMounted2Time == 0.000023
[2024.10.11-12.55.49:974][  0]LogPakFile: PakFile PrimaryIndexSize=190
[2024.10.11-12.55.49:974][  0]LogPakFile: PakFile PathHashIndexSize=101
[2024.10.11-12.55.49:974][  0]LogPakFile: PakFile FullDirectoryIndexSize=154
[2024.10.11-12.55.49:974][  0]LogShaderLibrary: Display: ShaderCodeLibraryPakFileMountedCallback: PakFile 'C:/Program Files/Epic Games/UE_4.27/FeaturePacks/TP_SideScrollerBP.upack' (chunk index -1, root 'root:/') mounted
[2024.10.11-12.55.49:974][  0]LogShaderLibrary: Display: ShaderCodeLibraryPakFileMountedCallback: pending pak file info (ChunkID:-1 Root:root:/ File:C:/Program Files/Epic Games/UE_4.27/FeaturePacks/TP_SideScrollerBP.upack)
[2024.10.11-12.55.49:974][  0]LogPakFile: OnPakFileMounted2Time == 0.000023
[2024.10.11-12.55.49:975][  0]LogPakFile: PakFile PrimaryIndexSize=187
[2024.10.11-12.55.49:975][  0]LogPakFile: PakFile PathHashIndexSize=101
[2024.10.11-12.55.49:975][  0]LogPakFile: PakFile FullDirectoryIndexSize=148
[2024.10.11-12.55.49:975][  0]LogShaderLibrary: Display: ShaderCodeLibraryPakFileMountedCallback: PakFile 'C:/Program Files/Epic Games/UE_4.27/FeaturePacks/TP_ThirdPerson.upack' (chunk index -1, root 'root:/') mounted
[2024.10.11-12.55.49:975][  0]LogShaderLibrary: Display: ShaderCodeLibraryPakFileMountedCallback: pending pak file info (ChunkID:-1 Root:root:/ File:C:/Program Files/Epic Games/UE_4.27/FeaturePacks/TP_ThirdPerson.upack)
[2024.10.11-12.55.49:975][  0]LogPakFile: OnPakFileMounted2Time == 0.000023
[2024.10.11-12.55.49:975][  0]LogPakFile: PakFile PrimaryIndexSize=189
[2024.10.11-12.55.49:975][  0]LogPakFile: PakFile PathHashIndexSize=101
[2024.10.11-12.55.49:975][  0]LogPakFile: PakFile FullDirectoryIndexSize=152
[2024.10.11-12.55.49:975][  0]LogShaderLibrary: Display: ShaderCodeLibraryPakFileMountedCallback: PakFile 'C:/Program Files/Epic Games/UE_4.27/FeaturePacks/TP_ThirdPersonBP.upack' (chunk index -1, root 'root:/') mounted
[2024.10.11-12.55.49:975][  0]LogShaderLibrary: Display: ShaderCodeLibraryPakFileMountedCallback: pending pak file info (ChunkID:-1 Root:root:/ File:C:/Program Files/Epic Games/UE_4.27/FeaturePacks/TP_ThirdPersonBP.upack)
[2024.10.11-12.55.49:975][  0]LogPakFile: OnPakFileMounted2Time == 0.000023
[2024.10.11-12.55.49:975][  0]LogPakFile: PakFile PrimaryIndexSize=183
[2024.10.11-12.55.49:975][  0]LogPakFile: PakFile PathHashIndexSize=101
[2024.10.11-12.55.49:975][  0]LogPakFile: PakFile FullDirectoryIndexSize=140
[2024.10.11-12.55.49:975][  0]LogShaderLibrary: Display: ShaderCodeLibraryPakFileMountedCallback: PakFile 'C:/Program Files/Epic Games/UE_4.27/FeaturePacks/TP_TopDown.upack' (chunk index -1, root 'root:/') mounted
[2024.10.11-12.55.49:975][  0]LogShaderLibrary: Display: ShaderCodeLibraryPakFileMountedCallback: pending pak file info (ChunkID:-1 Root:root:/ File:C:/Program Files/Epic Games/UE_4.27/FeaturePacks/TP_TopDown.upack)
[2024.10.11-12.55.49:975][  0]LogPakFile: OnPakFileMounted2Time == 0.000028
[2024.10.11-12.55.49:976][  0]LogPakFile: PakFile PrimaryIndexSize=185
[2024.10.11-12.55.49:976][  0]LogPakFile: PakFile PathHashIndexSize=101
[2024.10.11-12.55.49:976][  0]LogPakFile: PakFile FullDirectoryIndexSize=144
[2024.10.11-12.55.49:976][  0]LogShaderLibrary: Display: ShaderCodeLibraryPakFileMountedCallback: PakFile 'C:/Program Files/Epic Games/UE_4.27/FeaturePacks/TP_TopDownBP.upack' (chunk index -1, root 'root:/') mounted
[2024.10.11-12.55.49:976][  0]LogShaderLibrary: Display: ShaderCodeLibraryPakFileMountedCallback: pending pak file info (ChunkID:-1 Root:root:/ File:C:/Program Files/Epic Games/UE_4.27/FeaturePacks/TP_TopDownBP.upack)
[2024.10.11-12.55.49:976][  0]LogPakFile: OnPakFileMounted2Time == 0.000025
[2024.10.11-12.55.49:976][  0]LogPakFile: PakFile PrimaryIndexSize=185
[2024.10.11-12.55.49:976][  0]LogPakFile: PakFile PathHashIndexSize=101
[2024.10.11-12.55.49:976][  0]LogPakFile: PakFile FullDirectoryIndexSize=144
[2024.10.11-12.55.49:976][  0]LogShaderLibrary: Display: ShaderCodeLibraryPakFileMountedCallback: PakFile 'C:/Program Files/Epic Games/UE_4.27/FeaturePacks/TP_TwinStick.upack' (chunk index -1, root 'root:/') mounted
[2024.10.11-12.55.49:976][  0]LogShaderLibrary: Display: ShaderCodeLibraryPakFileMountedCallback: pending pak file info (ChunkID:-1 Root:root:/ File:C:/Program Files/Epic Games/UE_4.27/FeaturePacks/TP_TwinStick.upack)
[2024.10.11-12.55.49:976][  0]LogPakFile: OnPakFileMounted2Time == 0.000023
[2024.10.11-12.55.49:976][  0]LogPakFile: PakFile PrimaryIndexSize=187
[2024.10.11-12.55.49:976][  0]LogPakFile: PakFile PathHashIndexSize=101
[2024.10.11-12.55.49:976][  0]LogPakFile: PakFile FullDirectoryIndexSize=148
[2024.10.11-12.55.49:976][  0]LogShaderLibrary: Display: ShaderCodeLibraryPakFileMountedCallback: PakFile 'C:/Program Files/Epic Games/UE_4.27/FeaturePacks/TP_TwinStickBP.upack' (chunk index -1, root 'root:/') mounted
[2024.10.11-12.55.49:976][  0]LogShaderLibrary: Display: ShaderCodeLibraryPakFileMountedCallback: pending pak file info (ChunkID:-1 Root:root:/ File:C:/Program Files/Epic Games/UE_4.27/FeaturePacks/TP_TwinStickBP.upack)
[2024.10.11-12.55.49:976][  0]LogPakFile: OnPakFileMounted2Time == 0.000023
[2024.10.11-12.55.49:976][  0]LogPakFile: PakFile PrimaryIndexSize=183
[2024.10.11-12.55.49:976][  0]LogPakFile: PakFile PathHashIndexSize=101
[2024.10.11-12.55.49:976][  0]LogPakFile: PakFile FullDirectoryIndexSize=140
[2024.10.11-12.55.49:976][  0]LogShaderLibrary: Display: ShaderCodeLibraryPakFileMountedCallback: PakFile 'C:/Program Files/Epic Games/UE_4.27/FeaturePacks/TP_Vehicle.upack' (chunk index -1, root 'root:/') mounted
[2024.10.11-12.55.49:976][  0]LogShaderLibrary: Display: ShaderCodeLibraryPakFileMountedCallback: pending pak file info (ChunkID:-1 Root:root:/ File:C:/Program Files/Epic Games/UE_4.27/FeaturePacks/TP_Vehicle.upack)
[2024.10.11-12.55.49:976][  0]LogPakFile: OnPakFileMounted2Time == 0.000024
[2024.10.11-12.55.49:976][  0]LogPakFile: PakFile PrimaryIndexSize=186
[2024.10.11-12.55.49:976][  0]LogPakFile: PakFile PathHashIndexSize=101
[2024.10.11-12.55.49:976][  0]LogPakFile: PakFile FullDirectoryIndexSize=146
[2024.10.11-12.55.49:976][  0]LogShaderLibrary: Display: ShaderCodeLibraryPakFileMountedCallback: PakFile 'C:/Program Files/Epic Games/UE_4.27/FeaturePacks/TP_VehicleAdv.upack' (chunk index -1, root 'root:/') mounted
[2024.10.11-12.55.49:976][  0]LogShaderLibrary: Display: ShaderCodeLibraryPakFileMountedCallback: pending pak file info (ChunkID:-1 Root:root:/ File:C:/Program Files/Epic Games/UE_4.27/FeaturePacks/TP_VehicleAdv.upack)
[2024.10.11-12.55.49:976][  0]LogPakFile: OnPakFileMounted2Time == 0.000025
[2024.10.11-12.55.49:978][  0]LogPakFile: PakFile PrimaryIndexSize=188
[2024.10.11-12.55.49:978][  0]LogPakFile: PakFile PathHashIndexSize=101
[2024.10.11-12.55.49:978][  0]LogPakFile: PakFile FullDirectoryIndexSize=150
[2024.10.11-12.55.49:978][  0]LogShaderLibrary: Display: ShaderCodeLibraryPakFileMountedCallback: PakFile 'C:/Program Files/Epic Games/UE_4.27/FeaturePacks/TP_VehicleAdvBP.upack' (chunk index -1, root 'root:/') mounted
[2024.10.11-12.55.49:978][  0]LogShaderLibrary: Display: ShaderCodeLibraryPakFileMountedCallback: pending pak file info (ChunkID:-1 Root:root:/ File:C:/Program Files/Epic Games/UE_4.27/FeaturePacks/TP_VehicleAdvBP.upack)
[2024.10.11-12.55.49:978][  0]LogPakFile: OnPakFileMounted2Time == 0.000024
[2024.10.11-12.55.49:978][  0]LogPakFile: PakFile PrimaryIndexSize=185
[2024.10.11-12.55.49:978][  0]LogPakFile: PakFile PathHashIndexSize=101
[2024.10.11-12.55.49:978][  0]LogPakFile: PakFile FullDirectoryIndexSize=144
[2024.10.11-12.55.49:978][  0]LogShaderLibrary: Display: ShaderCodeLibraryPakFileMountedCallback: PakFile 'C:/Program Files/Epic Games/UE_4.27/FeaturePacks/TP_VehicleBP.upack' (chunk index -1, root 'root:/') mounted
[2024.10.11-12.55.49:978][  0]LogShaderLibrary: Display: ShaderCodeLibraryPakFileMountedCallback: pending pak file info (ChunkID:-1 Root:root:/ File:C:/Program Files/Epic Games/UE_4.27/FeaturePacks/TP_VehicleBP.upack)
[2024.10.11-12.55.49:978][  0]LogPakFile: OnPakFileMounted2Time == 0.000023
[2024.10.11-12.55.49:978][  0]LogPakFile: PakFile PrimaryIndexSize=192
[2024.10.11-12.55.49:978][  0]LogPakFile: PakFile PathHashIndexSize=101
[2024.10.11-12.55.49:978][  0]LogPakFile: PakFile FullDirectoryIndexSize=158
[2024.10.11-12.55.49:978][  0]LogShaderLibrary: Display: ShaderCodeLibraryPakFileMountedCallback: PakFile 'C:/Program Files/Epic Games/UE_4.27/FeaturePacks/TP_VirtualRealityBP.upack' (chunk index -1, root 'root:/') mounted
[2024.10.11-12.55.49:978][  0]LogShaderLibrary: Display: ShaderCodeLibraryPakFileMountedCallback: pending pak file info (ChunkID:-1 Root:root:/ File:C:/Program Files/Epic Games/UE_4.27/FeaturePacks/TP_VirtualRealityBP.upack)
[2024.10.11-12.55.49:978][  0]LogPakFile: OnPakFileMounted2Time == 0.000023
[2024.10.11-12.55.50:002][  0]LogNativeClassHierarchy: Verbose: Native class hierarchy updated for 'AddContentDialog' in 0.0001 seconds. Added 0 classes and 0 folders.
[2024.10.11-12.55.50:002][  0]LogNativeClassHierarchy: Verbose: Native class hierarchy updated for 'SceneOutliner' in 0.0001 seconds. Added 2 classes and 0 folders.
[2024.10.11-12.55.50:245][  0]LogNativeClassHierarchy: Verbose: Native class hierarchy updated for 'HierarchicalLODOutliner' in 0.0002 seconds. Added 0 classes and 0 folders.
[2024.10.11-12.55.50:245][  0]LogLoad: (Engine Initialization) Total time: 4.59 seconds
[2024.10.11-12.55.50:245][  0]LogLoad: (Engine Initialization) Total Blueprint compile time: 0.00 seconds
[2024.10.11-12.55.50:284][  0]LogAssetRegistry: Asset discovery search completed in 2.6178 seconds
[2024.10.11-12.55.50:288][  0]LogCollectionManager: Fixed up redirectors for 0 collections in 0.000003 seconds (updated 0 objects)
[2024.10.11-12.55.50:289][  0]LogContentStreaming: Texture pool size now 1000 MB
[2024.10.11-12.55.50:293][  0]LogSlate: Took 0.000076 seconds to synchronously load lazily loaded font '../../../Engine/Content/Slate/Fonts/Roboto-Regular.ttf' (155K)
[2024.10.11-12.55.50:294][  0]LogSlate: Took 0.000085 seconds to synchronously load lazily loaded font '../../../Engine/Content/Editor/Slate/Fonts/FontAwesome.ttf' (139K)
[2024.10.11-12.55.50:295][  0]LogSlate: Took 0.000072 seconds to synchronously load lazily loaded font '../../../Engine/Content/Slate/Fonts/Roboto-Bold.ttf' (160K)
[2024.10.11-12.55.50:355][  1]LogRenderer: Reallocating scene render targets to support 860x516 Format 10 NumSamples 1 (Frame:1).
[2024.10.11-12.55.51:255][105]LogSlate: Took 0.000089 seconds to synchronously load lazily loaded font '../../../Engine/Content/Slate/Fonts/Roboto-Light.ttf' (167K)
[2024.10.11-12.55.53:420][339]LogRenderer: Reallocating scene render targets to support 2324x804 Format 10 NumSamples 1 (Frame:331).
[2024.10.11-12.55.56:960][760]LogUObjectHash: Compacting FUObjectHashTables data took   0.43ms
